[ 50%] [32mBuilding CXX object CMakeFiles/camera_node.dir/src/camera_node.cpp.o[0m
[100%] [32m[1mLinking CXX executable camera_node[0m
[100%] Built target camera_node
-- Install configuration: ""
-- Installing: /home/teng/ros2_ws/install/my_camera_pkg/lib/my_camera_pkg/camera_node
-- Set runtime path of "/home/teng/ros2_ws/install/my_camera_pkg/lib/my_camera_pkg/camera_node" to ""
-- Up-to-date: /home/teng/ros2_ws/install/my_camera_pkg/share/ament_index/resource_index/package_run_dependencies/my_camera_pkg
-- Up-to-date: /home/teng/ros2_ws/install/my_camera_pkg/share/ament_index/resource_index/parent_prefix_path/my_camera_pkg
-- Up-to-date: /home/teng/ros2_ws/install/my_camera_pkg/share/my_camera_pkg/environment/ament_prefix_path.sh
-- Up-to-date: /home/teng/ros2_ws/install/my_camera_pkg/share/my_camera_pkg/environment/ament_prefix_path.dsv
-- Up-to-date: /home/teng/ros2_ws/install/my_camera_pkg/share/my_camera_pkg/environment/path.sh
-- Up-to-date: /home/teng/ros2_ws/install/my_camera_pkg/share/my_camera_pkg/environment/path.dsv
-- Up-to-date: /home/teng/ros2_ws/install/my_camera_pkg/share/my_camera_pkg/local_setup.bash
-- Up-to-date: /home/teng/ros2_ws/install/my_camera_pkg/share/my_camera_pkg/local_setup.sh
-- Up-to-date: /home/teng/ros2_ws/install/my_camera_pkg/share/my_camera_pkg/local_setup.zsh
-- Up-to-date: /home/teng/ros2_ws/install/my_camera_pkg/share/my_camera_pkg/local_setup.dsv
-- Installing: /home/teng/ros2_ws/install/my_camera_pkg/share/my_camera_pkg/package.dsv
-- Up-to-date: /home/teng/ros2_ws/install/my_camera_pkg/share/ament_index/resource_index/packages/my_camera_pkg
-- Up-to-date: /home/teng/ros2_ws/install/my_camera_pkg/share/my_camera_pkg/cmake/my_camera_pkgConfig.cmake
-- Up-to-date: /home/teng/ros2_ws/install/my_camera_pkg/share/my_camera_pkg/cmake/my_camera_pkgConfig-version.cmake
-- Up-to-date: /home/teng/ros2_ws/install/my_camera_pkg/share/my_camera_pkg/package.xml
