-- Found ament_cmake: 1.3.5 (/opt/ros/humble/share/ament_cmake/cmake)
-- Found rclcpp: 16.0.5 (/opt/ros/humble/share/rclcpp/cmake)
-- Found rosidl_generator_c: 3.1.5 (/opt/ros/humble/share/rosidl_generator_c/cmake)
-- Found rosidl_adapter: 3.1.5 (/opt/ros/humble/share/rosidl_adapter/cmake)
-- Found rosidl_generator_cpp: 3.1.5 (/opt/ros/humble/share/rosidl_generator_cpp/cmake)
-- Using all available rosidl_typesupport_c: rosidl_typesupport_fastrtps_c;rosidl_typesupport_introspection_c
-- Using all available rosidl_typesupport_cpp: rosidl_typesupport_fastrtps_cpp;rosidl_typesupport_introspection_cpp
-- Found rmw_implementation_cmake: 6.1.1 (/opt/ros/humble/share/rmw_implementation_cmake/cmake)
-- Found rmw_fastrtps_cpp: 6.2.3 (/opt/ros/humble/share/rmw_fastrtps_cpp/cmake)
-- Using RMW implementation 'rmw_fastrtps_cpp' as default
-- Found sensor_msgs: 4.2.3 (/opt/ros/humble/share/sensor_msgs/cmake)
-- Found image_transport: 3.1.7 (/opt/ros/humble/share/image_transport/cmake)
-- Found cv_bridge: 3.2.1 (/opt/ros/humble/share/cv_bridge/cmake)
-- Found OpenCV: /usr (found version "4.5.4") 
-- Configuring done
-- Generating done
-- Build files have been written to: /home/teng/ros2_ws/build/my_camera_pkg
[35m[1mConsolidate compiler generated dependencies of target camera_node[0m
[ 50%] [32m[1mLinking CXX executable camera_node[0m
[100%] Built target camera_node
-- Install configuration: ""
-- Installing: /home/teng/ros2_ws/install/my_camera_pkg/lib/my_camera_pkg/camera_node
-- Set runtime path of "/home/teng/ros2_ws/install/my_camera_pkg/lib/my_camera_pkg/camera_node" to ""
-- Installing: /home/teng/ros2_ws/install/my_camera_pkg/share/ament_index/resource_index/package_run_dependencies/my_camera_pkg
-- Installing: /home/teng/ros2_ws/install/my_camera_pkg/share/ament_index/resource_index/parent_prefix_path/my_camera_pkg
-- Installing: /home/teng/ros2_ws/install/my_camera_pkg/share/my_camera_pkg/environment/ament_prefix_path.sh
-- Installing: /home/teng/ros2_ws/install/my_camera_pkg/share/my_camera_pkg/environment/ament_prefix_path.dsv
-- Installing: /home/teng/ros2_ws/install/my_camera_pkg/share/my_camera_pkg/environment/path.sh
-- Installing: /home/teng/ros2_ws/install/my_camera_pkg/share/my_camera_pkg/environment/path.dsv
-- Installing: /home/teng/ros2_ws/install/my_camera_pkg/share/my_camera_pkg/local_setup.bash
-- Installing: /home/teng/ros2_ws/install/my_camera_pkg/share/my_camera_pkg/local_setup.sh
-- Installing: /home/teng/ros2_ws/install/my_camera_pkg/share/my_camera_pkg/local_setup.zsh
-- Installing: /home/teng/ros2_ws/install/my_camera_pkg/share/my_camera_pkg/local_setup.dsv
-- Installing: /home/teng/ros2_ws/install/my_camera_pkg/share/my_camera_pkg/package.dsv
-- Installing: /home/teng/ros2_ws/install/my_camera_pkg/share/ament_index/resource_index/packages/my_camera_pkg
-- Installing: /home/teng/ros2_ws/install/my_camera_pkg/share/my_camera_pkg/cmake/my_camera_pkgConfig.cmake
-- Installing: /home/teng/ros2_ws/install/my_camera_pkg/share/my_camera_pkg/cmake/my_camera_pkgConfig-version.cmake
-- Installing: /home/teng/ros2_ws/install/my_camera_pkg/share/my_camera_pkg/package.xml
