[0.034s] Invoking command in '/home/teng/ros2_ws/build/my_camera_pkg': CMAKE_PREFIX_PATH=${CMAKE_PREFIX_PATH}:/home/teng/ros2_ws/install/ps5_controller:/opt/ros/humble /usr/bin/cmake --build /home/teng/ros2_ws/build/my_camera_pkg -- -j3 -l3
[0.070s] -- Found ament_cmake: 1.3.5 (/opt/ros/humble/share/ament_cmake/cmake)
[0.225s] -- Found rclcpp: 16.0.5 (/opt/ros/humble/share/rclcpp/cmake)
[0.255s] -- Found rosidl_generator_c: 3.1.5 (/opt/ros/humble/share/rosidl_generator_c/cmake)
[0.258s] -- Found rosidl_adapter: 3.1.5 (/opt/ros/humble/share/rosidl_adapter/cmake)
[0.263s] -- Found rosidl_generator_cpp: 3.1.5 (/opt/ros/humble/share/rosidl_generator_cpp/cmake)
[0.276s] -- Using all available rosidl_typesupport_c: rosidl_typesupport_fastrtps_c;rosidl_typesupport_introspection_c
[0.292s] -- Using all available rosidl_typesupport_cpp: rosidl_typesupport_fastrtps_cpp;rosidl_typesupport_introspection_cpp
[0.362s] -- Found rmw_implementation_cmake: 6.1.1 (/opt/ros/humble/share/rmw_implementation_cmake/cmake)
[0.364s] -- Found rmw_fastrtps_cpp: 6.2.3 (/opt/ros/humble/share/rmw_fastrtps_cpp/cmake)
[0.502s] -- Using RMW implementation 'rmw_fastrtps_cpp' as default
[0.673s] -- Found sensor_msgs: 4.2.3 (/opt/ros/humble/share/sensor_msgs/cmake)
[0.797s] -- Found image_transport: 3.1.7 (/opt/ros/humble/share/image_transport/cmake)
[0.828s] -- Found cv_bridge: 3.2.1 (/opt/ros/humble/share/cv_bridge/cmake)
[0.846s] -- Found OpenCV: /usr (found version "4.5.4") 
[0.914s] -- Configuring done
[0.933s] -- Generating done
[0.934s] -- Build files have been written to: /home/teng/ros2_ws/build/my_camera_pkg
[0.970s] [35m[1mConsolidate compiler generated dependencies of target camera_node[0m
[0.995s] [ 50%] [32m[1mLinking CXX executable camera_node[0m
[1.638s] [100%] Built target camera_node
[1.652s] Invoked command in '/home/teng/ros2_ws/build/my_camera_pkg' returned '0': CMAKE_PREFIX_PATH=${CMAKE_PREFIX_PATH}:/home/teng/ros2_ws/install/ps5_controller:/opt/ros/humble /usr/bin/cmake --build /home/teng/ros2_ws/build/my_camera_pkg -- -j3 -l3
[1.707s] Invoking command in '/home/teng/ros2_ws/build/my_camera_pkg': CMAKE_PREFIX_PATH=${CMAKE_PREFIX_PATH}:/home/teng/ros2_ws/install/ps5_controller:/opt/ros/humble /usr/bin/cmake --install /home/teng/ros2_ws/build/my_camera_pkg
[1.717s] -- Install configuration: ""
[1.717s] -- Installing: /home/teng/ros2_ws/install/my_camera_pkg/lib/my_camera_pkg/camera_node
[1.718s] -- Set runtime path of "/home/teng/ros2_ws/install/my_camera_pkg/lib/my_camera_pkg/camera_node" to ""
[1.718s] -- Installing: /home/teng/ros2_ws/install/my_camera_pkg/share/ament_index/resource_index/package_run_dependencies/my_camera_pkg
[1.718s] -- Installing: /home/teng/ros2_ws/install/my_camera_pkg/share/ament_index/resource_index/parent_prefix_path/my_camera_pkg
[1.718s] -- Installing: /home/teng/ros2_ws/install/my_camera_pkg/share/my_camera_pkg/environment/ament_prefix_path.sh
[1.719s] -- Installing: /home/teng/ros2_ws/install/my_camera_pkg/share/my_camera_pkg/environment/ament_prefix_path.dsv
[1.719s] -- Installing: /home/teng/ros2_ws/install/my_camera_pkg/share/my_camera_pkg/environment/path.sh
[1.719s] -- Installing: /home/teng/ros2_ws/install/my_camera_pkg/share/my_camera_pkg/environment/path.dsv
[1.719s] -- Installing: /home/teng/ros2_ws/install/my_camera_pkg/share/my_camera_pkg/local_setup.bash
[1.721s] -- Installing: /home/teng/ros2_ws/install/my_camera_pkg/share/my_camera_pkg/local_setup.sh
[1.721s] -- Installing: /home/teng/ros2_ws/install/my_camera_pkg/share/my_camera_pkg/local_setup.zsh
[1.721s] -- Installing: /home/teng/ros2_ws/install/my_camera_pkg/share/my_camera_pkg/local_setup.dsv
[1.722s] -- Installing: /home/teng/ros2_ws/install/my_camera_pkg/share/my_camera_pkg/package.dsv
[1.722s] -- Installing: /home/teng/ros2_ws/install/my_camera_pkg/share/ament_index/resource_index/packages/my_camera_pkg
[1.723s] -- Installing: /home/teng/ros2_ws/install/my_camera_pkg/share/my_camera_pkg/cmake/my_camera_pkgConfig.cmake
[1.723s] -- Installing: /home/teng/ros2_ws/install/my_camera_pkg/share/my_camera_pkg/cmake/my_camera_pkgConfig-version.cmake
[1.723s] -- Installing: /home/teng/ros2_ws/install/my_camera_pkg/share/my_camera_pkg/package.xml
[1.725s] Invoked command in '/home/teng/ros2_ws/build/my_camera_pkg' returned '0': CMAKE_PREFIX_PATH=${CMAKE_PREFIX_PATH}:/home/teng/ros2_ws/install/ps5_controller:/opt/ros/humble /usr/bin/cmake --install /home/teng/ros2_ws/build/my_camera_pkg
