[0.038s] Invoking command in '/home/teng/ros2_ws/build/my_camera_pkg': CMAKE_PREFIX_PATH=${CMAKE_PREFIX_PATH}:/home/teng/ros2_ws/install/ps5_controller:/opt/ros/humble /usr/bin/cmake --build /home/teng/ros2_ws/build/my_camera_pkg -- -j3 -l3
[0.348s] -- Found ament_cmake: 1.3.5 (/opt/ros/humble/share/ament_cmake/cmake)
[0.348s] -- Found rclcpp: 16.0.5 (/opt/ros/humble/share/rclcpp/cmake)
[0.348s] -- Found rosidl_generator_c: 3.1.5 (/opt/ros/humble/share/rosidl_generator_c/cmake)
[0.348s] -- Found rosidl_adapter: 3.1.5 (/opt/ros/humble/share/rosidl_adapter/cmake)
[0.348s] -- Found rosidl_generator_cpp: 3.1.5 (/opt/ros/humble/share/rosidl_generator_cpp/cmake)
[0.349s] -- Using all available rosidl_typesupport_c: rosidl_typesupport_fastrtps_c;rosidl_typesupport_introspection_c
[0.349s] -- Using all available rosidl_typesupport_cpp: rosidl_typesupport_fastrtps_cpp;rosidl_typesupport_introspection_cpp
[0.373s] -- Found rmw_implementation_cmake: 6.1.1 (/opt/ros/humble/share/rmw_implementation_cmake/cmake)
[0.374s] -- Found rmw_fastrtps_cpp: 6.2.3 (/opt/ros/humble/share/rmw_fastrtps_cpp/cmake)
[0.544s] -- Using RMW implementation 'rmw_fastrtps_cpp' as default
[0.731s] -- Found sensor_msgs: 4.2.3 (/opt/ros/humble/share/sensor_msgs/cmake)
[0.889s] -- Found image_transport: 3.1.7 (/opt/ros/humble/share/image_transport/cmake)
[0.926s] -- Found cv_bridge: 3.2.1 (/opt/ros/humble/share/cv_bridge/cmake)
[0.952s] [31mCMake Error at CMakeLists.txt:14 (find_package):
[0.952s]   By not providing "Findusb_cam.cmake" in CMAKE_MODULE_PATH this project has
[0.953s]   asked CMake to find a package configuration file provided by "usb_cam", but
[0.953s]   CMake did not find one.
[0.953s] 
[0.953s]   Could not find a package configuration file provided by "usb_cam" with any
[0.953s]   of the following names:
[0.953s] 
[0.953s]     usb_camConfig.cmake
[0.953s]     usb_cam-config.cmake
[0.954s] 
[0.954s]   Add the installation prefix of "usb_cam" to CMAKE_PREFIX_PATH or set
[0.954s]   "usb_cam_DIR" to a directory containing one of the above files.  If
[0.954s]   "usb_cam" provides a separate development package or SDK, be sure it has
[0.954s]   been installed.
[0.954s] 
[0.954s] [0m
[0.955s] -- Configuring incomplete, errors occurred!
[0.955s] See also "/home/teng/ros2_ws/build/my_camera_pkg/CMakeFiles/CMakeOutput.log".
[0.965s] gmake: *** [Makefile:267: cmake_check_build_system] Error 1
[0.969s] Invoked command in '/home/teng/ros2_ws/build/my_camera_pkg' returned '2': CMAKE_PREFIX_PATH=${CMAKE_PREFIX_PATH}:/home/teng/ros2_ws/install/ps5_controller:/opt/ros/humble /usr/bin/cmake --build /home/teng/ros2_ws/build/my_camera_pkg -- -j3 -l3
