[0.343s] Invoking command in '/home/teng/ros2_ws/build/twowd_robot_bringup': CMAKE_PREFIX_PATH=${CMAKE_PREFIX_PATH}:/home/teng/ros2_ws/install/ps5_controller:/opt/ros/humble /usr/bin/cmake --build /home/teng/ros2_ws/build/twowd_robot_bringup -- -j3 -l3
[0.423s] Invoked command in '/home/teng/ros2_ws/build/twowd_robot_bringup' returned '0': CMAKE_PREFIX_PATH=${CMAKE_PREFIX_PATH}:/home/teng/ros2_ws/install/ps5_controller:/opt/ros/humble /usr/bin/cmake --build /home/teng/ros2_ws/build/twowd_robot_bringup -- -j3 -l3
[0.521s] Invoking command in '/home/teng/ros2_ws/build/twowd_robot_bringup': CMAKE_PREFIX_PATH=${CMAKE_PREFIX_PATH}:/home/teng/ros2_ws/install/ps5_controller:/opt/ros/humble /usr/bin/cmake --install /home/teng/ros2_ws/build/twowd_robot_bringup
[0.535s] -- Install configuration: ""
[0.536s] -- Up-to-date: /home/teng/ros2_ws/install/twowd_robot_bringup/share/twowd_robot_bringup//launch
[0.536s] -- Up-to-date: /home/teng/ros2_ws/install/twowd_robot_bringup/share/twowd_robot_bringup//launch/twowd_robot_gazebo.launch.xml
[0.536s] -- Up-to-date: /home/teng/ros2_ws/install/twowd_robot_bringup/share/twowd_robot_bringup//rviz
[0.536s] -- Up-to-date: /home/teng/ros2_ws/install/twowd_robot_bringup/share/twowd_robot_bringup//rviz/urdf_config.rviz
[0.536s] -- Up-to-date: /home/teng/ros2_ws/install/twowd_robot_bringup/share/twowd_robot_bringup//worlds
[0.537s] -- Up-to-date: /home/teng/ros2_ws/install/twowd_robot_bringup/share/twowd_robot_bringup//worlds/test_world.world
[0.537s] -- Up-to-date: /home/teng/ros2_ws/install/twowd_robot_bringup/share/ament_index/resource_index/package_run_dependencies/twowd_robot_bringup
[0.537s] -- Up-to-date: /home/teng/ros2_ws/install/twowd_robot_bringup/share/ament_index/resource_index/parent_prefix_path/twowd_robot_bringup
[0.538s] -- Up-to-date: /home/teng/ros2_ws/install/twowd_robot_bringup/share/twowd_robot_bringup/environment/ament_prefix_path.sh
[0.538s] -- Up-to-date: /home/teng/ros2_ws/install/twowd_robot_bringup/share/twowd_robot_bringup/environment/ament_prefix_path.dsv
[0.538s] -- Up-to-date: /home/teng/ros2_ws/install/twowd_robot_bringup/share/twowd_robot_bringup/environment/path.sh
[0.538s] -- Up-to-date: /home/teng/ros2_ws/install/twowd_robot_bringup/share/twowd_robot_bringup/environment/path.dsv
[0.539s] -- Up-to-date: /home/teng/ros2_ws/install/twowd_robot_bringup/share/twowd_robot_bringup/local_setup.bash
[0.539s] -- Up-to-date: /home/teng/ros2_ws/install/twowd_robot_bringup/share/twowd_robot_bringup/local_setup.sh
[0.539s] -- Up-to-date: /home/teng/ros2_ws/install/twowd_robot_bringup/share/twowd_robot_bringup/local_setup.zsh
[0.540s] -- Up-to-date: /home/teng/ros2_ws/install/twowd_robot_bringup/share/twowd_robot_bringup/local_setup.dsv
[0.540s] -- Installing: /home/teng/ros2_ws/install/twowd_robot_bringup/share/twowd_robot_bringup/package.dsv
[0.540s] -- Up-to-date: /home/teng/ros2_ws/install/twowd_robot_bringup/share/ament_index/resource_index/packages/twowd_robot_bringup
[0.541s] -- Up-to-date: /home/teng/ros2_ws/install/twowd_robot_bringup/share/twowd_robot_bringup/cmake/twowd_robot_bringupConfig.cmake
[0.541s] -- Up-to-date: /home/teng/ros2_ws/install/twowd_robot_bringup/share/twowd_robot_bringup/cmake/twowd_robot_bringupConfig-version.cmake
[0.541s] -- Up-to-date: /home/teng/ros2_ws/install/twowd_robot_bringup/share/twowd_robot_bringup/package.xml
[0.547s] Invoked command in '/home/teng/ros2_ws/build/twowd_robot_bringup' returned '0': CMAKE_PREFIX_PATH=${CMAKE_PREFIX_PATH}:/home/teng/ros2_ws/install/ps5_controller:/opt/ros/humble /usr/bin/cmake --install /home/teng/ros2_ws/build/twowd_robot_bringup
