[0.015s] Invoking command in '/home/teng/ros2_ws/build/twowd_robot_description': CMAKE_PREFIX_PATH=${CMAKE_PREFIX_PATH}:/home/teng/ros2_ws/install/ps5_controller:/opt/ros/humble /usr/bin/cmake --build /home/teng/ros2_ws/build/twowd_robot_description -- -j3 -l3
[0.131s] Invoked command in '/home/teng/ros2_ws/build/twowd_robot_description' returned '0': CMAKE_PREFIX_PATH=${CMAKE_PREFIX_PATH}:/home/teng/ros2_ws/install/ps5_controller:/opt/ros/humble /usr/bin/cmake --build /home/teng/ros2_ws/build/twowd_robot_description -- -j3 -l3
[0.188s] Invoking command in '/home/teng/ros2_ws/build/twowd_robot_description': CMAKE_PREFIX_PATH=${CMAKE_PREFIX_PATH}:/home/teng/ros2_ws/install/ps5_controller:/opt/ros/humble /usr/bin/cmake --install /home/teng/ros2_ws/build/twowd_robot_description
[0.200s] -- Install configuration: ""
[0.201s] -- Up-to-date: /home/teng/ros2_ws/install/twowd_robot_description/share/twowd_robot_description//urdf
[0.201s] -- Up-to-date: /home/teng/ros2_ws/install/twowd_robot_description/share/twowd_robot_description//urdf/camera.xacro
[0.201s] -- Up-to-date: /home/teng/ros2_ws/install/twowd_robot_description/share/twowd_robot_description//urdf/twowd_robot.urdf.xacro
[0.201s] -- Up-to-date: /home/teng/ros2_ws/install/twowd_robot_description/share/twowd_robot_description//urdf/common_properties.xacro
[0.201s] -- Up-to-date: /home/teng/ros2_ws/install/twowd_robot_description/share/twowd_robot_description//urdf/mobile_base_gazebo.xacro
[0.201s] -- Up-to-date: /home/teng/ros2_ws/install/twowd_robot_description/share/twowd_robot_description//urdf/mobile_base.xacro
[0.202s] -- Up-to-date: /home/teng/ros2_ws/install/twowd_robot_description/share/twowd_robot_description//launch
[0.202s] -- Up-to-date: /home/teng/ros2_ws/install/twowd_robot_description/share/twowd_robot_description//launch/display.launch.py
[0.202s] -- Up-to-date: /home/teng/ros2_ws/install/twowd_robot_description/share/twowd_robot_description//launch/display.launch.xml
[0.202s] -- Up-to-date: /home/teng/ros2_ws/install/twowd_robot_description/share/twowd_robot_description//rviz
[0.202s] -- Up-to-date: /home/teng/ros2_ws/install/twowd_robot_description/share/twowd_robot_description//rviz/urdf_config.rviz
[0.203s] -- Up-to-date: /home/teng/ros2_ws/install/twowd_robot_description/share/ament_index/resource_index/package_run_dependencies/twowd_robot_description
[0.203s] -- Up-to-date: /home/teng/ros2_ws/install/twowd_robot_description/share/ament_index/resource_index/parent_prefix_path/twowd_robot_description
[0.203s] -- Up-to-date: /home/teng/ros2_ws/install/twowd_robot_description/share/twowd_robot_description/environment/ament_prefix_path.sh
[0.203s] -- Up-to-date: /home/teng/ros2_ws/install/twowd_robot_description/share/twowd_robot_description/environment/ament_prefix_path.dsv
[0.203s] -- Up-to-date: /home/teng/ros2_ws/install/twowd_robot_description/share/twowd_robot_description/environment/path.sh
[0.204s] -- Up-to-date: /home/teng/ros2_ws/install/twowd_robot_description/share/twowd_robot_description/environment/path.dsv
[0.204s] -- Up-to-date: /home/teng/ros2_ws/install/twowd_robot_description/share/twowd_robot_description/local_setup.bash
[0.204s] -- Up-to-date: /home/teng/ros2_ws/install/twowd_robot_description/share/twowd_robot_description/local_setup.sh
[0.204s] -- Up-to-date: /home/teng/ros2_ws/install/twowd_robot_description/share/twowd_robot_description/local_setup.zsh
[0.204s] -- Up-to-date: /home/teng/ros2_ws/install/twowd_robot_description/share/twowd_robot_description/local_setup.dsv
[0.205s] -- Installing: /home/teng/ros2_ws/install/twowd_robot_description/share/twowd_robot_description/package.dsv
[0.205s] -- Up-to-date: /home/teng/ros2_ws/install/twowd_robot_description/share/ament_index/resource_index/packages/twowd_robot_description
[0.205s] -- Up-to-date: /home/teng/ros2_ws/install/twowd_robot_description/share/twowd_robot_description/cmake/twowd_robot_descriptionConfig.cmake
[0.205s] -- Up-to-date: /home/teng/ros2_ws/install/twowd_robot_description/share/twowd_robot_description/cmake/twowd_robot_descriptionConfig-version.cmake
[0.206s] -- Up-to-date: /home/teng/ros2_ws/install/twowd_robot_description/share/twowd_robot_description/package.xml
[0.219s] Invoked command in '/home/teng/ros2_ws/build/twowd_robot_description' returned '0': CMAKE_PREFIX_PATH=${CMAKE_PREFIX_PATH}:/home/teng/ros2_ws/install/ps5_controller:/opt/ros/humble /usr/bin/cmake --install /home/teng/ros2_ws/build/twowd_robot_description
