[0.019s] Invoking command in '/home/teng/ros2_ws/build/my_camera_pkg': CMAKE_PREFIX_PATH=${CMAKE_PREFIX_PATH}:/home/teng/ros2_ws/install/ps5_controller:/opt/ros/humble /usr/bin/cmake --build /home/teng/ros2_ws/build/my_camera_pkg -- -j3 -l3
[0.107s] [100%] Built target camera_node
[0.122s] Invoked command in '/home/teng/ros2_ws/build/my_camera_pkg' returned '0': CMAKE_PREFIX_PATH=${CMAKE_PREFIX_PATH}:/home/teng/ros2_ws/install/ps5_controller:/opt/ros/humble /usr/bin/cmake --build /home/teng/ros2_ws/build/my_camera_pkg -- -j3 -l3
[0.183s] Invoking command in '/home/teng/ros2_ws/build/my_camera_pkg': CMAKE_PREFIX_PATH=${CMAKE_PREFIX_PATH}:/home/teng/ros2_ws/install/ps5_controller:/opt/ros/humble /usr/bin/cmake --install /home/teng/ros2_ws/build/my_camera_pkg
[0.191s] -- Install configuration: ""
[0.191s] -- Up-to-date: /home/teng/ros2_ws/install/my_camera_pkg/lib/my_camera_pkg/camera_node
[0.191s] -- Up-to-date: /home/teng/ros2_ws/install/my_camera_pkg/share/ament_index/resource_index/package_run_dependencies/my_camera_pkg
[0.192s] -- Up-to-date: /home/teng/ros2_ws/install/my_camera_pkg/share/ament_index/resource_index/parent_prefix_path/my_camera_pkg
[0.192s] -- Up-to-date: /home/teng/ros2_ws/install/my_camera_pkg/share/my_camera_pkg/environment/ament_prefix_path.sh
[0.192s] -- Up-to-date: /home/teng/ros2_ws/install/my_camera_pkg/share/my_camera_pkg/environment/ament_prefix_path.dsv
[0.192s] -- Up-to-date: /home/teng/ros2_ws/install/my_camera_pkg/share/my_camera_pkg/environment/path.sh
[0.192s] -- Up-to-date: /home/teng/ros2_ws/install/my_camera_pkg/share/my_camera_pkg/environment/path.dsv
[0.192s] -- Up-to-date: /home/teng/ros2_ws/install/my_camera_pkg/share/my_camera_pkg/local_setup.bash
[0.192s] -- Up-to-date: /home/teng/ros2_ws/install/my_camera_pkg/share/my_camera_pkg/local_setup.sh
[0.193s] -- Up-to-date: /home/teng/ros2_ws/install/my_camera_pkg/share/my_camera_pkg/local_setup.zsh
[0.193s] -- Up-to-date: /home/teng/ros2_ws/install/my_camera_pkg/share/my_camera_pkg/local_setup.dsv
[0.193s] -- Installing: /home/teng/ros2_ws/install/my_camera_pkg/share/my_camera_pkg/package.dsv
[0.193s] -- Up-to-date: /home/teng/ros2_ws/install/my_camera_pkg/share/ament_index/resource_index/packages/my_camera_pkg
[0.193s] -- Up-to-date: /home/teng/ros2_ws/install/my_camera_pkg/share/my_camera_pkg/cmake/my_camera_pkgConfig.cmake
[0.193s] -- Up-to-date: /home/teng/ros2_ws/install/my_camera_pkg/share/my_camera_pkg/cmake/my_camera_pkgConfig-version.cmake
[0.193s] -- Up-to-date: /home/teng/ros2_ws/install/my_camera_pkg/share/my_camera_pkg/package.xml
[0.194s] Invoked command in '/home/teng/ros2_ws/build/my_camera_pkg' returned '0': CMAKE_PREFIX_PATH=${CMAKE_PREFIX_PATH}:/home/teng/ros2_ws/install/ps5_controller:/opt/ros/humble /usr/bin/cmake --install /home/teng/ros2_ws/build/my_camera_pkg
