[0.384s] DEBUG:colcon:Command line arguments: ['/usr/bin/colcon', 'build']
[0.384s] DEBUG:colcon:Parsed command line arguments: Namespace(log_base=None, log_level=None, verb_name='build', build_base='build', install_base='install', merge_install=False, symlink_install=False, test_result_base=None, continue_on_error=False, executor='parallel', parallel_workers=3, event_handlers=None, ignore_user_meta=False, metas=['./colcon.meta'], base_paths=['.'], packages_ignore=None, packages_ignore_regex=None, paths=None, packages_up_to=None, packages_up_to_regex=None, packages_above=None, packages_above_and_dependencies=None, packages_above_depth=None, packages_select_by_dep=None, packages_skip_by_dep=None, packages_skip_up_to=None, packages_select_build_failed=False, packages_skip_build_finished=False, packages_select_test_failures=False, packages_skip_test_passed=False, packages_select=None, packages_skip=None, packages_select_regex=None, packages_skip_regex=None, packages_start=None, packages_end=None, allow_overriding=[], cmake_args=None, cmake_target=None, cmake_target_skip_unavailable=False, cmake_clean_cache=False, cmake_clean_first=False, cmake_force_configure=False, ament_cmake_args=None, catkin_cmake_args=None, catkin_skip_building_tests=False, verb_parser=<colcon_defaults.argument_parser.defaults.DefaultArgumentsDecorator object at 0x745995978520>, verb_extension=<colcon_core.verb.build.BuildVerb object at 0x7459961545e0>, main=<bound method BuildVerb.main of <colcon_core.verb.build.BuildVerb object at 0x7459961545e0>>)
[0.418s] Level 1:colcon.colcon_core.package_discovery:discover_packages(colcon_meta) check parameters
[0.418s] Level 1:colcon.colcon_core.package_discovery:discover_packages(recursive) check parameters
[0.418s] Level 1:colcon.colcon_core.package_discovery:discover_packages(ignore) check parameters
[0.418s] Level 1:colcon.colcon_core.package_discovery:discover_packages(path) check parameters
[0.418s] Level 1:colcon.colcon_core.package_discovery:discover_packages(colcon_meta) discover
[0.418s] Level 1:colcon.colcon_core.package_discovery:discover_packages(recursive) discover
[0.418s] INFO:colcon.colcon_core.package_discovery:Crawling recursively for packages in '/home/teng/ros2_ws'
[0.418s] Level 1:colcon.colcon_core.package_identification:_identify(.) by extensions ['ignore', 'ignore_ament_install']
[0.418s] Level 1:colcon.colcon_core.package_identification:_identify(.) by extension 'ignore'
[0.418s] Level 1:colcon.colcon_core.package_identification:_identify(.) by extension 'ignore_ament_install'
[0.418s] Level 1:colcon.colcon_core.package_identification:_identify(.) by extensions ['colcon_pkg']
[0.418s] Level 1:colcon.colcon_core.package_identification:_identify(.) by extension 'colcon_pkg'
[0.418s] Level 1:colcon.colcon_core.package_identification:_identify(.) by extensions ['colcon_meta']
[0.418s] Level 1:colcon.colcon_core.package_identification:_identify(.) by extension 'colcon_meta'
[0.418s] Level 1:colcon.colcon_core.package_identification:_identify(.) by extensions ['ros']
[0.418s] Level 1:colcon.colcon_core.package_identification:_identify(.) by extension 'ros'
[0.430s] Level 1:colcon.colcon_core.package_identification:_identify(.) by extensions ['cmake', 'python']
[0.430s] Level 1:colcon.colcon_core.package_identification:_identify(.) by extension 'cmake'
[0.430s] Level 1:colcon.colcon_core.package_identification:_identify(.) by extension 'python'
[0.430s] Level 1:colcon.colcon_core.package_identification:_identify(.) by extensions ['python_setup_py']
[0.430s] Level 1:colcon.colcon_core.package_identification:_identify(.) by extension 'python_setup_py'
[0.430s] Level 1:colcon.colcon_core.package_identification:_identify(build) by extensions ['ignore', 'ignore_ament_install']
[0.430s] Level 1:colcon.colcon_core.package_identification:_identify(build) by extension 'ignore'
[0.430s] Level 1:colcon.colcon_core.package_identification:_identify(build) ignored
[0.431s] Level 1:colcon.colcon_core.package_identification:_identify(install) by extensions ['ignore', 'ignore_ament_install']
[0.431s] Level 1:colcon.colcon_core.package_identification:_identify(install) by extension 'ignore'
[0.431s] Level 1:colcon.colcon_core.package_identification:_identify(install) ignored
[0.431s] Level 1:colcon.colcon_core.package_identification:_identify(log) by extensions ['ignore', 'ignore_ament_install']
[0.431s] Level 1:colcon.colcon_core.package_identification:_identify(log) by extension 'ignore'
[0.431s] Level 1:colcon.colcon_core.package_identification:_identify(log) ignored
[0.431s] Level 1:colcon.colcon_core.package_identification:_identify(src) by extensions ['ignore', 'ignore_ament_install']
[0.431s] Level 1:colcon.colcon_core.package_identification:_identify(src) by extension 'ignore'
[0.431s] Level 1:colcon.colcon_core.package_identification:_identify(src) by extension 'ignore_ament_install'
[0.431s] Level 1:colcon.colcon_core.package_identification:_identify(src) by extensions ['colcon_pkg']
[0.431s] Level 1:colcon.colcon_core.package_identification:_identify(src) by extension 'colcon_pkg'
[0.431s] Level 1:colcon.colcon_core.package_identification:_identify(src) by extensions ['colcon_meta']
[0.431s] Level 1:colcon.colcon_core.package_identification:_identify(src) by extension 'colcon_meta'
[0.432s] Level 1:colcon.colcon_core.package_identification:_identify(src) by extensions ['ros']
[0.432s] Level 1:colcon.colcon_core.package_identification:_identify(src) by extension 'ros'
[0.432s] Level 1:colcon.colcon_core.package_identification:_identify(src) by extensions ['cmake', 'python']
[0.432s] Level 1:colcon.colcon_core.package_identification:_identify(src) by extension 'cmake'
[0.432s] Level 1:colcon.colcon_core.package_identification:_identify(src) by extension 'python'
[0.432s] Level 1:colcon.colcon_core.package_identification:_identify(src) by extensions ['python_setup_py']
[0.432s] Level 1:colcon.colcon_core.package_identification:_identify(src) by extension 'python_setup_py'
[0.432s] Level 1:colcon.colcon_core.package_identification:_identify(src/build) by extensions ['ignore', 'ignore_ament_install']
[0.432s] Level 1:colcon.colcon_core.package_identification:_identify(src/build) by extension 'ignore'
[0.432s] Level 1:colcon.colcon_core.package_identification:_identify(src/build) ignored
[0.432s] Level 1:colcon.colcon_core.package_identification:_identify(src/install) by extensions ['ignore', 'ignore_ament_install']
[0.432s] Level 1:colcon.colcon_core.package_identification:_identify(src/install) by extension 'ignore'
[0.432s] Level 1:colcon.colcon_core.package_identification:_identify(src/install) ignored
[0.432s] Level 1:colcon.colcon_core.package_identification:_identify(src/log) by extensions ['ignore', 'ignore_ament_install']
[0.433s] Level 1:colcon.colcon_core.package_identification:_identify(src/log) by extension 'ignore'
[0.433s] Level 1:colcon.colcon_core.package_identification:_identify(src/log) ignored
[0.433s] Level 1:colcon.colcon_core.package_identification:_identify(src/my_camera_pkg) by extensions ['ignore', 'ignore_ament_install']
[0.433s] Level 1:colcon.colcon_core.package_identification:_identify(src/my_camera_pkg) by extension 'ignore'
[0.433s] Level 1:colcon.colcon_core.package_identification:_identify(src/my_camera_pkg) by extension 'ignore_ament_install'
[0.433s] Level 1:colcon.colcon_core.package_identification:_identify(src/my_camera_pkg) by extensions ['colcon_pkg']
[0.433s] Level 1:colcon.colcon_core.package_identification:_identify(src/my_camera_pkg) by extension 'colcon_pkg'
[0.433s] Level 1:colcon.colcon_core.package_identification:_identify(src/my_camera_pkg) by extensions ['colcon_meta']
[0.433s] Level 1:colcon.colcon_core.package_identification:_identify(src/my_camera_pkg) by extension 'colcon_meta'
[0.433s] Level 1:colcon.colcon_core.package_identification:_identify(src/my_camera_pkg) by extensions ['ros']
[0.433s] Level 1:colcon.colcon_core.package_identification:_identify(src/my_camera_pkg) by extension 'ros'
[0.436s] DEBUG:colcon.colcon_core.package_identification:Package 'src/my_camera_pkg' with type 'ros.ament_cmake' and name 'my_camera_pkg'
[0.436s] Level 1:colcon.colcon_core.package_identification:_identify(src/ps5_controller) by extensions ['ignore', 'ignore_ament_install']
[0.436s] Level 1:colcon.colcon_core.package_identification:_identify(src/ps5_controller) by extension 'ignore'
[0.436s] Level 1:colcon.colcon_core.package_identification:_identify(src/ps5_controller) by extension 'ignore_ament_install'
[0.436s] Level 1:colcon.colcon_core.package_identification:_identify(src/ps5_controller) by extensions ['colcon_pkg']
[0.436s] Level 1:colcon.colcon_core.package_identification:_identify(src/ps5_controller) by extension 'colcon_pkg'
[0.436s] Level 1:colcon.colcon_core.package_identification:_identify(src/ps5_controller) by extensions ['colcon_meta']
[0.436s] Level 1:colcon.colcon_core.package_identification:_identify(src/ps5_controller) by extension 'colcon_meta'
[0.436s] Level 1:colcon.colcon_core.package_identification:_identify(src/ps5_controller) by extensions ['ros']
[0.436s] Level 1:colcon.colcon_core.package_identification:_identify(src/ps5_controller) by extension 'ros'
[0.437s] DEBUG:colcon.colcon_core.package_identification:Package 'src/ps5_controller' with type 'ros.ament_python' and name 'ps5_controller'
[0.437s] Level 1:colcon.colcon_core.package_identification:_identify(src/twowd_robot_bringup) by extensions ['ignore', 'ignore_ament_install']
[0.437s] Level 1:colcon.colcon_core.package_identification:_identify(src/twowd_robot_bringup) by extension 'ignore'
[0.437s] Level 1:colcon.colcon_core.package_identification:_identify(src/twowd_robot_bringup) by extension 'ignore_ament_install'
[0.437s] Level 1:colcon.colcon_core.package_identification:_identify(src/twowd_robot_bringup) by extensions ['colcon_pkg']
[0.437s] Level 1:colcon.colcon_core.package_identification:_identify(src/twowd_robot_bringup) by extension 'colcon_pkg'
[0.437s] Level 1:colcon.colcon_core.package_identification:_identify(src/twowd_robot_bringup) by extensions ['colcon_meta']
[0.437s] Level 1:colcon.colcon_core.package_identification:_identify(src/twowd_robot_bringup) by extension 'colcon_meta'
[0.438s] Level 1:colcon.colcon_core.package_identification:_identify(src/twowd_robot_bringup) by extensions ['ros']
[0.438s] Level 1:colcon.colcon_core.package_identification:_identify(src/twowd_robot_bringup) by extension 'ros'
[0.438s] DEBUG:colcon.colcon_core.package_identification:Package 'src/twowd_robot_bringup' with type 'ros.ament_cmake' and name 'twowd_robot_bringup'
[0.438s] Level 1:colcon.colcon_core.package_identification:_identify(src/twowd_robot_description) by extensions ['ignore', 'ignore_ament_install']
[0.438s] Level 1:colcon.colcon_core.package_identification:_identify(src/twowd_robot_description) by extension 'ignore'
[0.439s] Level 1:colcon.colcon_core.package_identification:_identify(src/twowd_robot_description) by extension 'ignore_ament_install'
[0.439s] Level 1:colcon.colcon_core.package_identification:_identify(src/twowd_robot_description) by extensions ['colcon_pkg']
[0.439s] Level 1:colcon.colcon_core.package_identification:_identify(src/twowd_robot_description) by extension 'colcon_pkg'
[0.439s] Level 1:colcon.colcon_core.package_identification:_identify(src/twowd_robot_description) by extensions ['colcon_meta']
[0.439s] Level 1:colcon.colcon_core.package_identification:_identify(src/twowd_robot_description) by extension 'colcon_meta'
[0.439s] Level 1:colcon.colcon_core.package_identification:_identify(src/twowd_robot_description) by extensions ['ros']
[0.439s] Level 1:colcon.colcon_core.package_identification:_identify(src/twowd_robot_description) by extension 'ros'
[0.439s] DEBUG:colcon.colcon_core.package_identification:Package 'src/twowd_robot_description' with type 'ros.ament_cmake' and name 'twowd_robot_description'
[0.439s] Level 1:colcon.colcon_core.package_discovery:discover_packages(recursive) using defaults
[0.440s] Level 1:colcon.colcon_core.package_discovery:discover_packages(ignore) discover
[0.440s] Level 1:colcon.colcon_core.package_discovery:discover_packages(ignore) using defaults
[0.440s] Level 1:colcon.colcon_core.package_discovery:discover_packages(path) discover
[0.440s] Level 1:colcon.colcon_core.package_discovery:discover_packages(path) using defaults
[0.464s] Level 1:colcon.colcon_core.package_discovery:discover_packages(prefix_path) check parameters
[0.464s] Level 1:colcon.colcon_core.package_discovery:discover_packages(prefix_path) discover
[0.467s] DEBUG:colcon.colcon_installed_package_information.package_discovery:Found 4 installed packages in /home/teng/ros2_ws/install
[0.469s] DEBUG:colcon.colcon_installed_package_information.package_discovery:Found 305 installed packages in /opt/ros/humble
[0.470s] Level 1:colcon.colcon_core.package_discovery:discover_packages(prefix_path) using defaults
[0.544s] Level 5:colcon.colcon_core.verb:set package 'my_camera_pkg' build argument 'cmake_args' from command line to 'None'
[0.544s] Level 5:colcon.colcon_core.verb:set package 'my_camera_pkg' build argument 'cmake_target' from command line to 'None'
[0.544s] Level 5:colcon.colcon_core.verb:set package 'my_camera_pkg' build argument 'cmake_target_skip_unavailable' from command line to 'False'
[0.544s] Level 5:colcon.colcon_core.verb:set package 'my_camera_pkg' build argument 'cmake_clean_cache' from command line to 'False'
[0.544s] Level 5:colcon.colcon_core.verb:set package 'my_camera_pkg' build argument 'cmake_clean_first' from command line to 'False'
[0.544s] Level 5:colcon.colcon_core.verb:set package 'my_camera_pkg' build argument 'cmake_force_configure' from command line to 'False'
[0.544s] Level 5:colcon.colcon_core.verb:set package 'my_camera_pkg' build argument 'ament_cmake_args' from command line to 'None'
[0.544s] Level 5:colcon.colcon_core.verb:set package 'my_camera_pkg' build argument 'catkin_cmake_args' from command line to 'None'
[0.544s] Level 5:colcon.colcon_core.verb:set package 'my_camera_pkg' build argument 'catkin_skip_building_tests' from command line to 'False'
[0.544s] DEBUG:colcon.colcon_core.verb:Building package 'my_camera_pkg' with the following arguments: {'ament_cmake_args': None, 'build_base': '/home/teng/ros2_ws/build/my_camera_pkg', 'catkin_cmake_args': None, 'catkin_skip_building_tests': False, 'cmake_args': None, 'cmake_clean_cache': False, 'cmake_clean_first': False, 'cmake_force_configure': False, 'cmake_target': None, 'cmake_target_skip_unavailable': False, 'install_base': '/home/teng/ros2_ws/install/my_camera_pkg', 'merge_install': False, 'path': '/home/teng/ros2_ws/src/my_camera_pkg', 'symlink_install': False, 'test_result_base': None}
[0.545s] Level 5:colcon.colcon_core.verb:set package 'ps5_controller' build argument 'cmake_args' from command line to 'None'
[0.545s] Level 5:colcon.colcon_core.verb:set package 'ps5_controller' build argument 'cmake_target' from command line to 'None'
[0.545s] Level 5:colcon.colcon_core.verb:set package 'ps5_controller' build argument 'cmake_target_skip_unavailable' from command line to 'False'
[0.545s] Level 5:colcon.colcon_core.verb:set package 'ps5_controller' build argument 'cmake_clean_cache' from command line to 'False'
[0.545s] Level 5:colcon.colcon_core.verb:set package 'ps5_controller' build argument 'cmake_clean_first' from command line to 'False'
[0.545s] Level 5:colcon.colcon_core.verb:set package 'ps5_controller' build argument 'cmake_force_configure' from command line to 'False'
[0.545s] Level 5:colcon.colcon_core.verb:set package 'ps5_controller' build argument 'ament_cmake_args' from command line to 'None'
[0.545s] Level 5:colcon.colcon_core.verb:set package 'ps5_controller' build argument 'catkin_cmake_args' from command line to 'None'
[0.545s] Level 5:colcon.colcon_core.verb:set package 'ps5_controller' build argument 'catkin_skip_building_tests' from command line to 'False'
[0.545s] DEBUG:colcon.colcon_core.verb:Building package 'ps5_controller' with the following arguments: {'ament_cmake_args': None, 'build_base': '/home/teng/ros2_ws/build/ps5_controller', 'catkin_cmake_args': None, 'catkin_skip_building_tests': False, 'cmake_args': None, 'cmake_clean_cache': False, 'cmake_clean_first': False, 'cmake_force_configure': False, 'cmake_target': None, 'cmake_target_skip_unavailable': False, 'install_base': '/home/teng/ros2_ws/install/ps5_controller', 'merge_install': False, 'path': '/home/teng/ros2_ws/src/ps5_controller', 'symlink_install': False, 'test_result_base': None}
[0.546s] Level 5:colcon.colcon_core.verb:set package 'twowd_robot_bringup' build argument 'cmake_args' from command line to 'None'
[0.546s] Level 5:colcon.colcon_core.verb:set package 'twowd_robot_bringup' build argument 'cmake_target' from command line to 'None'
[0.546s] Level 5:colcon.colcon_core.verb:set package 'twowd_robot_bringup' build argument 'cmake_target_skip_unavailable' from command line to 'False'
[0.546s] Level 5:colcon.colcon_core.verb:set package 'twowd_robot_bringup' build argument 'cmake_clean_cache' from command line to 'False'
[0.546s] Level 5:colcon.colcon_core.verb:set package 'twowd_robot_bringup' build argument 'cmake_clean_first' from command line to 'False'
[0.546s] Level 5:colcon.colcon_core.verb:set package 'twowd_robot_bringup' build argument 'cmake_force_configure' from command line to 'False'
[0.546s] Level 5:colcon.colcon_core.verb:set package 'twowd_robot_bringup' build argument 'ament_cmake_args' from command line to 'None'
[0.546s] Level 5:colcon.colcon_core.verb:set package 'twowd_robot_bringup' build argument 'catkin_cmake_args' from command line to 'None'
[0.546s] Level 5:colcon.colcon_core.verb:set package 'twowd_robot_bringup' build argument 'catkin_skip_building_tests' from command line to 'False'
[0.546s] DEBUG:colcon.colcon_core.verb:Building package 'twowd_robot_bringup' with the following arguments: {'ament_cmake_args': None, 'build_base': '/home/teng/ros2_ws/build/twowd_robot_bringup', 'catkin_cmake_args': None, 'catkin_skip_building_tests': False, 'cmake_args': None, 'cmake_clean_cache': False, 'cmake_clean_first': False, 'cmake_force_configure': False, 'cmake_target': None, 'cmake_target_skip_unavailable': False, 'install_base': '/home/teng/ros2_ws/install/twowd_robot_bringup', 'merge_install': False, 'path': '/home/teng/ros2_ws/src/twowd_robot_bringup', 'symlink_install': False, 'test_result_base': None}
[0.547s] Level 5:colcon.colcon_core.verb:set package 'twowd_robot_description' build argument 'cmake_args' from command line to 'None'
[0.547s] Level 5:colcon.colcon_core.verb:set package 'twowd_robot_description' build argument 'cmake_target' from command line to 'None'
[0.547s] Level 5:colcon.colcon_core.verb:set package 'twowd_robot_description' build argument 'cmake_target_skip_unavailable' from command line to 'False'
[0.547s] Level 5:colcon.colcon_core.verb:set package 'twowd_robot_description' build argument 'cmake_clean_cache' from command line to 'False'
[0.547s] Level 5:colcon.colcon_core.verb:set package 'twowd_robot_description' build argument 'cmake_clean_first' from command line to 'False'
[0.547s] Level 5:colcon.colcon_core.verb:set package 'twowd_robot_description' build argument 'cmake_force_configure' from command line to 'False'
[0.547s] Level 5:colcon.colcon_core.verb:set package 'twowd_robot_description' build argument 'ament_cmake_args' from command line to 'None'
[0.547s] Level 5:colcon.colcon_core.verb:set package 'twowd_robot_description' build argument 'catkin_cmake_args' from command line to 'None'
[0.547s] Level 5:colcon.colcon_core.verb:set package 'twowd_robot_description' build argument 'catkin_skip_building_tests' from command line to 'False'
[0.547s] DEBUG:colcon.colcon_core.verb:Building package 'twowd_robot_description' with the following arguments: {'ament_cmake_args': None, 'build_base': '/home/teng/ros2_ws/build/twowd_robot_description', 'catkin_cmake_args': None, 'catkin_skip_building_tests': False, 'cmake_args': None, 'cmake_clean_cache': False, 'cmake_clean_first': False, 'cmake_force_configure': False, 'cmake_target': None, 'cmake_target_skip_unavailable': False, 'install_base': '/home/teng/ros2_ws/install/twowd_robot_description', 'merge_install': False, 'path': '/home/teng/ros2_ws/src/twowd_robot_description', 'symlink_install': False, 'test_result_base': None}
[0.548s] INFO:colcon.colcon_core.executor:Executing jobs using 'parallel' executor
[0.551s] DEBUG:colcon.colcon_parallel_executor.executor.parallel:run_until_complete
[0.552s] INFO:colcon.colcon_ros.task.ament_cmake.build:Building ROS package in '/home/teng/ros2_ws/src/my_camera_pkg' with build type 'ament_cmake'
[0.552s] INFO:colcon.colcon_cmake.task.cmake.build:Building CMake package in '/home/teng/ros2_ws/src/my_camera_pkg'
[0.556s] INFO:colcon.colcon_core.plugin_system:Skipping extension 'colcon_core.shell.bat': Not used on non-Windows systems
[0.556s] INFO:colcon.colcon_core.shell:Skip shell extension 'powershell' for command environment: Not usable outside of PowerShell
[0.556s] DEBUG:colcon.colcon_core.shell:Skip shell extension 'dsv' for command environment
[0.561s] INFO:colcon.colcon_ros.task.ament_python.build:Building ROS package in '/home/teng/ros2_ws/src/ps5_controller' with build type 'ament_python'
[0.561s] Level 1:colcon.colcon_core.shell:create_environment_hook('ps5_controller', 'ament_prefix_path')
[0.563s] INFO:colcon.colcon_core.shell:Creating environment hook '/home/teng/ros2_ws/install/ps5_controller/share/ps5_controller/hook/ament_prefix_path.ps1'
[0.564s] INFO:colcon.colcon_core.shell:Creating environment descriptor '/home/teng/ros2_ws/install/ps5_controller/share/ps5_controller/hook/ament_prefix_path.dsv'
[0.564s] INFO:colcon.colcon_core.shell:Creating environment hook '/home/teng/ros2_ws/install/ps5_controller/share/ps5_controller/hook/ament_prefix_path.sh'
[0.566s] INFO:colcon.colcon_core.shell:Skip shell extension 'powershell' for command environment: Not usable outside of PowerShell
[0.566s] DEBUG:colcon.colcon_core.shell:Skip shell extension 'dsv' for command environment
[0.571s] INFO:colcon.colcon_ros.task.ament_cmake.build:Building ROS package in '/home/teng/ros2_ws/src/twowd_robot_bringup' with build type 'ament_cmake'
[0.571s] INFO:colcon.colcon_cmake.task.cmake.build:Building CMake package in '/home/teng/ros2_ws/src/twowd_robot_bringup'
[0.572s] INFO:colcon.colcon_core.shell:Skip shell extension 'powershell' for command environment: Not usable outside of PowerShell
[0.572s] DEBUG:colcon.colcon_core.shell:Skip shell extension 'dsv' for command environment
[0.582s] DEBUG:colcon.colcon_core.event_handler.log_command:Invoking command in '/home/teng/ros2_ws/build/my_camera_pkg': CMAKE_PREFIX_PATH=${CMAKE_PREFIX_PATH}:/home/teng/ros2_ws/install/ps5_controller:/opt/ros/humble /usr/bin/cmake --build /home/teng/ros2_ws/build/my_camera_pkg -- -j3 -l3
[0.867s] INFO:colcon.colcon_core.task.python.build:Building Python package in '/home/teng/ros2_ws/src/ps5_controller'
[0.869s] INFO:colcon.colcon_core.shell:Skip shell extension 'powershell' for command environment: Not usable outside of PowerShell
[0.869s] DEBUG:colcon.colcon_core.shell:Skip shell extension 'dsv' for command environment
[0.881s] DEBUG:colcon.colcon_core.event_handler.log_command:Invoking command in '/home/teng/ros2_ws/build/twowd_robot_bringup': CMAKE_PREFIX_PATH=${CMAKE_PREFIX_PATH}:/home/teng/ros2_ws/install/ps5_controller:/opt/ros/humble /usr/bin/cmake --build /home/teng/ros2_ws/build/twowd_robot_bringup -- -j3 -l3
[0.944s] DEBUG:colcon.colcon_core.event_handler.log_command:Invoked command in '/home/teng/ros2_ws/build/twowd_robot_bringup' returned '0': CMAKE_PREFIX_PATH=${CMAKE_PREFIX_PATH}:/home/teng/ros2_ws/install/ps5_controller:/opt/ros/humble /usr/bin/cmake --build /home/teng/ros2_ws/build/twowd_robot_bringup -- -j3 -l3
[1.048s] DEBUG:colcon.colcon_core.event_handler.log_command:Invoking command in '/home/teng/ros2_ws/build/twowd_robot_bringup': CMAKE_PREFIX_PATH=${CMAKE_PREFIX_PATH}:/home/teng/ros2_ws/install/ps5_controller:/opt/ros/humble /usr/bin/cmake --install /home/teng/ros2_ws/build/twowd_robot_bringup
[1.064s] Level 1:colcon.colcon_core.environment:create_environment_scripts_only(twowd_robot_bringup)
[1.069s] DEBUG:colcon.colcon_core.event_handler.log_command:Invoked command in '/home/teng/ros2_ws/build/twowd_robot_bringup' returned '0': CMAKE_PREFIX_PATH=${CMAKE_PREFIX_PATH}:/home/teng/ros2_ws/install/ps5_controller:/opt/ros/humble /usr/bin/cmake --install /home/teng/ros2_ws/build/twowd_robot_bringup
[1.072s] Level 1:colcon.colcon_core.environment:checking '/home/teng/ros2_ws/install/twowd_robot_bringup' for CMake module files
[1.073s] Level 1:colcon.colcon_core.environment:checking '/home/teng/ros2_ws/install/twowd_robot_bringup' for CMake config files
[1.073s] Level 1:colcon.colcon_core.shell:create_environment_hook('twowd_robot_bringup', 'cmake_prefix_path')
[1.074s] INFO:colcon.colcon_core.shell:Creating environment hook '/home/teng/ros2_ws/install/twowd_robot_bringup/share/twowd_robot_bringup/hook/cmake_prefix_path.ps1'
[1.075s] INFO:colcon.colcon_core.shell:Creating environment descriptor '/home/teng/ros2_ws/install/twowd_robot_bringup/share/twowd_robot_bringup/hook/cmake_prefix_path.dsv'
[1.076s] INFO:colcon.colcon_core.shell:Creating environment hook '/home/teng/ros2_ws/install/twowd_robot_bringup/share/twowd_robot_bringup/hook/cmake_prefix_path.sh'
[1.077s] Level 1:colcon.colcon_core.environment:checking '/home/teng/ros2_ws/install/twowd_robot_bringup/bin'
[1.077s] Level 1:colcon.colcon_core.environment:checking '/home/teng/ros2_ws/install/twowd_robot_bringup/lib/pkgconfig/twowd_robot_bringup.pc'
[1.077s] Level 1:colcon.colcon_core.environment:checking '/home/teng/ros2_ws/install/twowd_robot_bringup/lib/python3.10/site-packages'
[1.077s] Level 1:colcon.colcon_core.environment:checking '/home/teng/ros2_ws/install/twowd_robot_bringup/bin'
[1.079s] INFO:colcon.colcon_core.shell:Creating package script '/home/teng/ros2_ws/install/twowd_robot_bringup/share/twowd_robot_bringup/package.ps1'
[1.080s] INFO:colcon.colcon_core.shell:Creating package descriptor '/home/teng/ros2_ws/install/twowd_robot_bringup/share/twowd_robot_bringup/package.dsv'
[1.080s] INFO:colcon.colcon_core.shell:Creating package script '/home/teng/ros2_ws/install/twowd_robot_bringup/share/twowd_robot_bringup/package.sh'
[1.081s] INFO:colcon.colcon_core.shell:Creating package script '/home/teng/ros2_ws/install/twowd_robot_bringup/share/twowd_robot_bringup/package.bash'
[1.082s] INFO:colcon.colcon_core.shell:Creating package script '/home/teng/ros2_ws/install/twowd_robot_bringup/share/twowd_robot_bringup/package.zsh'
[1.083s] Level 1:colcon.colcon_core.environment:create_file_with_runtime_dependencies(/home/teng/ros2_ws/install/twowd_robot_bringup/share/colcon-core/packages/twowd_robot_bringup)
[1.134s] Level 1:colcon.colcon_core.environment:create_environment_scripts_only(twowd_robot_bringup)
[1.136s] Level 1:colcon.colcon_core.environment:checking '/home/teng/ros2_ws/install/twowd_robot_bringup' for CMake module files
[1.136s] Level 1:colcon.colcon_core.environment:checking '/home/teng/ros2_ws/install/twowd_robot_bringup' for CMake config files
[1.136s] Level 1:colcon.colcon_core.shell:create_environment_hook('twowd_robot_bringup', 'cmake_prefix_path')
[1.138s] INFO:colcon.colcon_core.shell:Creating environment hook '/home/teng/ros2_ws/install/twowd_robot_bringup/share/twowd_robot_bringup/hook/cmake_prefix_path.ps1'
[1.139s] INFO:colcon.colcon_core.shell:Creating environment descriptor '/home/teng/ros2_ws/install/twowd_robot_bringup/share/twowd_robot_bringup/hook/cmake_prefix_path.dsv'
[1.140s] INFO:colcon.colcon_core.shell:Creating environment hook '/home/teng/ros2_ws/install/twowd_robot_bringup/share/twowd_robot_bringup/hook/cmake_prefix_path.sh'
[1.140s] Level 1:colcon.colcon_core.environment:checking '/home/teng/ros2_ws/install/twowd_robot_bringup/bin'
[1.140s] Level 1:colcon.colcon_core.environment:checking '/home/teng/ros2_ws/install/twowd_robot_bringup/lib/pkgconfig/twowd_robot_bringup.pc'
[1.141s] Level 1:colcon.colcon_core.environment:checking '/home/teng/ros2_ws/install/twowd_robot_bringup/lib/python3.10/site-packages'
[1.141s] Level 1:colcon.colcon_core.environment:checking '/home/teng/ros2_ws/install/twowd_robot_bringup/bin'
[1.142s] INFO:colcon.colcon_core.shell:Creating package script '/home/teng/ros2_ws/install/twowd_robot_bringup/share/twowd_robot_bringup/package.ps1'
[1.143s] INFO:colcon.colcon_core.shell:Creating package descriptor '/home/teng/ros2_ws/install/twowd_robot_bringup/share/twowd_robot_bringup/package.dsv'
[1.143s] INFO:colcon.colcon_core.shell:Creating package script '/home/teng/ros2_ws/install/twowd_robot_bringup/share/twowd_robot_bringup/package.sh'
[1.144s] INFO:colcon.colcon_core.shell:Creating package script '/home/teng/ros2_ws/install/twowd_robot_bringup/share/twowd_robot_bringup/package.bash'
[1.144s] INFO:colcon.colcon_core.shell:Creating package script '/home/teng/ros2_ws/install/twowd_robot_bringup/share/twowd_robot_bringup/package.zsh'
[1.145s] Level 1:colcon.colcon_core.environment:create_file_with_runtime_dependencies(/home/teng/ros2_ws/install/twowd_robot_bringup/share/colcon-core/packages/twowd_robot_bringup)
[1.145s] INFO:colcon.colcon_ros.task.ament_cmake.build:Building ROS package in '/home/teng/ros2_ws/src/twowd_robot_description' with build type 'ament_cmake'
[1.146s] INFO:colcon.colcon_cmake.task.cmake.build:Building CMake package in '/home/teng/ros2_ws/src/twowd_robot_description'
[1.147s] INFO:colcon.colcon_core.shell:Skip shell extension 'powershell' for command environment: Not usable outside of PowerShell
[1.147s] DEBUG:colcon.colcon_core.shell:Skip shell extension 'dsv' for command environment
[1.160s] DEBUG:colcon.colcon_core.event_handler.log_command:Invoking command in '/home/teng/ros2_ws/build/twowd_robot_description': CMAKE_PREFIX_PATH=${CMAKE_PREFIX_PATH}:/home/teng/ros2_ws/install/ps5_controller:/opt/ros/humble /usr/bin/cmake --build /home/teng/ros2_ws/build/twowd_robot_description -- -j3 -l3
[1.276s] DEBUG:colcon.colcon_core.event_handler.log_command:Invoked command in '/home/teng/ros2_ws/build/twowd_robot_description' returned '0': CMAKE_PREFIX_PATH=${CMAKE_PREFIX_PATH}:/home/teng/ros2_ws/install/ps5_controller:/opt/ros/humble /usr/bin/cmake --build /home/teng/ros2_ws/build/twowd_robot_description -- -j3 -l3
[1.333s] DEBUG:colcon.colcon_core.event_handler.log_command:Invoking command in '/home/teng/ros2_ws/build/twowd_robot_description': CMAKE_PREFIX_PATH=${CMAKE_PREFIX_PATH}:/home/teng/ros2_ws/install/ps5_controller:/opt/ros/humble /usr/bin/cmake --install /home/teng/ros2_ws/build/twowd_robot_description
[1.356s] Level 1:colcon.colcon_core.environment:create_environment_scripts_only(twowd_robot_description)
[1.358s] Level 1:colcon.colcon_core.environment:checking '/home/teng/ros2_ws/install/twowd_robot_description' for CMake module files
[1.359s] Level 1:colcon.colcon_core.environment:checking '/home/teng/ros2_ws/install/twowd_robot_description' for CMake config files
[1.359s] Level 1:colcon.colcon_core.shell:create_environment_hook('twowd_robot_description', 'cmake_prefix_path')
[1.360s] INFO:colcon.colcon_core.shell:Creating environment hook '/home/teng/ros2_ws/install/twowd_robot_description/share/twowd_robot_description/hook/cmake_prefix_path.ps1'
[1.361s] INFO:colcon.colcon_core.shell:Creating environment descriptor '/home/teng/ros2_ws/install/twowd_robot_description/share/twowd_robot_description/hook/cmake_prefix_path.dsv'
[1.361s] INFO:colcon.colcon_core.shell:Creating environment hook '/home/teng/ros2_ws/install/twowd_robot_description/share/twowd_robot_description/hook/cmake_prefix_path.sh'
[1.362s] Level 1:colcon.colcon_core.environment:checking '/home/teng/ros2_ws/install/twowd_robot_description/bin'
[1.362s] Level 1:colcon.colcon_core.environment:checking '/home/teng/ros2_ws/install/twowd_robot_description/lib/pkgconfig/twowd_robot_description.pc'
[1.362s] Level 1:colcon.colcon_core.environment:checking '/home/teng/ros2_ws/install/twowd_robot_description/lib/python3.10/site-packages'
[1.362s] Level 1:colcon.colcon_core.environment:checking '/home/teng/ros2_ws/install/twowd_robot_description/bin'
[1.364s] INFO:colcon.colcon_core.shell:Creating package script '/home/teng/ros2_ws/install/twowd_robot_description/share/twowd_robot_description/package.ps1'
[1.364s] DEBUG:colcon.colcon_core.event_handler.log_command:Invoked command in '/home/teng/ros2_ws/build/twowd_robot_description' returned '0': CMAKE_PREFIX_PATH=${CMAKE_PREFIX_PATH}:/home/teng/ros2_ws/install/ps5_controller:/opt/ros/humble /usr/bin/cmake --install /home/teng/ros2_ws/build/twowd_robot_description
[1.365s] INFO:colcon.colcon_core.shell:Creating package descriptor '/home/teng/ros2_ws/install/twowd_robot_description/share/twowd_robot_description/package.dsv'
[1.365s] INFO:colcon.colcon_core.shell:Creating package script '/home/teng/ros2_ws/install/twowd_robot_description/share/twowd_robot_description/package.sh'
[1.366s] INFO:colcon.colcon_core.shell:Creating package script '/home/teng/ros2_ws/install/twowd_robot_description/share/twowd_robot_description/package.bash'
[1.366s] INFO:colcon.colcon_core.shell:Creating package script '/home/teng/ros2_ws/install/twowd_robot_description/share/twowd_robot_description/package.zsh'
[1.367s] Level 1:colcon.colcon_core.environment:create_file_with_runtime_dependencies(/home/teng/ros2_ws/install/twowd_robot_description/share/colcon-core/packages/twowd_robot_description)
[1.381s] DEBUG:colcon.colcon_core.event_handler.log_command:Invoking command in '/home/teng/ros2_ws/src/ps5_controller': PYTHONPATH=/home/teng/ros2_ws/build/ps5_controller/prefix_override:/home/teng/ros2_ws/install/ps5_controller/lib/python3.10/site-packages:${PYTHONPATH} /usr/bin/python3 setup.py egg_info --egg-base ../../build/ps5_controller build --build-base /home/teng/ros2_ws/build/ps5_controller/build install --record /home/teng/ros2_ws/build/ps5_controller/install.log --single-version-externally-managed
[1.412s] Level 1:colcon.colcon_core.environment:create_environment_scripts_only(twowd_robot_description)
[1.413s] Level 1:colcon.colcon_core.environment:checking '/home/teng/ros2_ws/install/twowd_robot_description' for CMake module files
[1.414s] Level 1:colcon.colcon_core.environment:checking '/home/teng/ros2_ws/install/twowd_robot_description' for CMake config files
[1.414s] Level 1:colcon.colcon_core.shell:create_environment_hook('twowd_robot_description', 'cmake_prefix_path')
[1.415s] INFO:colcon.colcon_core.shell:Creating environment hook '/home/teng/ros2_ws/install/twowd_robot_description/share/twowd_robot_description/hook/cmake_prefix_path.ps1'
[1.416s] INFO:colcon.colcon_core.shell:Creating environment descriptor '/home/teng/ros2_ws/install/twowd_robot_description/share/twowd_robot_description/hook/cmake_prefix_path.dsv'
[1.416s] INFO:colcon.colcon_core.shell:Creating environment hook '/home/teng/ros2_ws/install/twowd_robot_description/share/twowd_robot_description/hook/cmake_prefix_path.sh'
[1.417s] Level 1:colcon.colcon_core.environment:checking '/home/teng/ros2_ws/install/twowd_robot_description/bin'
[1.417s] Level 1:colcon.colcon_core.environment:checking '/home/teng/ros2_ws/install/twowd_robot_description/lib/pkgconfig/twowd_robot_description.pc'
[1.417s] Level 1:colcon.colcon_core.environment:checking '/home/teng/ros2_ws/install/twowd_robot_description/lib/python3.10/site-packages'
[1.417s] Level 1:colcon.colcon_core.environment:checking '/home/teng/ros2_ws/install/twowd_robot_description/bin'
[1.419s] INFO:colcon.colcon_core.shell:Creating package script '/home/teng/ros2_ws/install/twowd_robot_description/share/twowd_robot_description/package.ps1'
[1.420s] INFO:colcon.colcon_core.shell:Creating package descriptor '/home/teng/ros2_ws/install/twowd_robot_description/share/twowd_robot_description/package.dsv'
[1.420s] INFO:colcon.colcon_core.shell:Creating package script '/home/teng/ros2_ws/install/twowd_robot_description/share/twowd_robot_description/package.sh'
[1.421s] INFO:colcon.colcon_core.shell:Creating package script '/home/teng/ros2_ws/install/twowd_robot_description/share/twowd_robot_description/package.bash'
[1.422s] INFO:colcon.colcon_core.shell:Creating package script '/home/teng/ros2_ws/install/twowd_robot_description/share/twowd_robot_description/package.zsh'
[1.423s] Level 1:colcon.colcon_core.environment:create_file_with_runtime_dependencies(/home/teng/ros2_ws/install/twowd_robot_description/share/colcon-core/packages/twowd_robot_description)
[1.734s] Level 1:colcon.colcon_core.environment:checking '/home/teng/ros2_ws/install/ps5_controller' for CMake module files
[1.735s] DEBUG:colcon.colcon_core.event_handler.log_command:Invoked command in '/home/teng/ros2_ws/src/ps5_controller' returned '0': PYTHONPATH=/home/teng/ros2_ws/build/ps5_controller/prefix_override:/home/teng/ros2_ws/install/ps5_controller/lib/python3.10/site-packages:${PYTHONPATH} /usr/bin/python3 setup.py egg_info --egg-base ../../build/ps5_controller build --build-base /home/teng/ros2_ws/build/ps5_controller/build install --record /home/teng/ros2_ws/build/ps5_controller/install.log --single-version-externally-managed
[1.735s] Level 1:colcon.colcon_core.environment:checking '/home/teng/ros2_ws/install/ps5_controller' for CMake config files
[1.736s] Level 1:colcon.colcon_core.environment:checking '/home/teng/ros2_ws/install/ps5_controller/lib'
[1.736s] Level 1:colcon.colcon_core.environment:checking '/home/teng/ros2_ws/install/ps5_controller/bin'
[1.736s] Level 1:colcon.colcon_core.environment:checking '/home/teng/ros2_ws/install/ps5_controller/lib/pkgconfig/ps5_controller.pc'
[1.737s] Level 1:colcon.colcon_core.environment:checking '/home/teng/ros2_ws/install/ps5_controller/lib/python3.10/site-packages'
[1.737s] Level 1:colcon.colcon_core.shell:create_environment_hook('ps5_controller', 'pythonpath')
[1.739s] INFO:colcon.colcon_core.shell:Creating environment hook '/home/teng/ros2_ws/install/ps5_controller/share/ps5_controller/hook/pythonpath.ps1'
[1.740s] INFO:colcon.colcon_core.shell:Creating environment descriptor '/home/teng/ros2_ws/install/ps5_controller/share/ps5_controller/hook/pythonpath.dsv'
[1.740s] INFO:colcon.colcon_core.shell:Creating environment hook '/home/teng/ros2_ws/install/ps5_controller/share/ps5_controller/hook/pythonpath.sh'
[1.741s] Level 1:colcon.colcon_core.environment:checking '/home/teng/ros2_ws/install/ps5_controller/bin'
[1.741s] Level 1:colcon.colcon_core.environment:create_environment_scripts_only(ps5_controller)
[1.743s] INFO:colcon.colcon_core.shell:Creating package script '/home/teng/ros2_ws/install/ps5_controller/share/ps5_controller/package.ps1'
[1.744s] INFO:colcon.colcon_core.shell:Creating package descriptor '/home/teng/ros2_ws/install/ps5_controller/share/ps5_controller/package.dsv'
[1.745s] INFO:colcon.colcon_core.shell:Creating package script '/home/teng/ros2_ws/install/ps5_controller/share/ps5_controller/package.sh'
[1.746s] INFO:colcon.colcon_core.shell:Creating package script '/home/teng/ros2_ws/install/ps5_controller/share/ps5_controller/package.bash'
[1.746s] INFO:colcon.colcon_core.shell:Creating package script '/home/teng/ros2_ws/install/ps5_controller/share/ps5_controller/package.zsh'
[1.747s] Level 1:colcon.colcon_core.environment:create_file_with_runtime_dependencies(/home/teng/ros2_ws/install/ps5_controller/share/colcon-core/packages/ps5_controller)
[5.464s] DEBUG:colcon.colcon_core.event_handler.log_command:Invoked command in '/home/teng/ros2_ws/build/my_camera_pkg' returned '2': CMAKE_PREFIX_PATH=${CMAKE_PREFIX_PATH}:/home/teng/ros2_ws/install/ps5_controller:/opt/ros/humble /usr/bin/cmake --build /home/teng/ros2_ws/build/my_camera_pkg -- -j3 -l3
[5.516s] Level 1:colcon.colcon_core.environment:create_environment_scripts_only(my_camera_pkg)
[5.517s] Level 1:colcon.colcon_core.environment:checking '/home/teng/ros2_ws/install/my_camera_pkg' for CMake module files
[5.517s] Level 1:colcon.colcon_core.environment:checking '/home/teng/ros2_ws/install/my_camera_pkg' for CMake config files
[5.518s] Level 1:colcon.colcon_core.environment:checking '/home/teng/ros2_ws/install/my_camera_pkg/bin'
[5.518s] Level 1:colcon.colcon_core.environment:checking '/home/teng/ros2_ws/install/my_camera_pkg/lib/pkgconfig/my_camera_pkg.pc'
[5.518s] Level 1:colcon.colcon_core.environment:checking '/home/teng/ros2_ws/install/my_camera_pkg/lib/python3.10/site-packages'
[5.518s] Level 1:colcon.colcon_core.environment:checking '/home/teng/ros2_ws/install/my_camera_pkg/bin'
[5.519s] INFO:colcon.colcon_core.shell:Creating package script '/home/teng/ros2_ws/install/my_camera_pkg/share/my_camera_pkg/package.ps1'
[5.520s] INFO:colcon.colcon_core.shell:Creating package descriptor '/home/teng/ros2_ws/install/my_camera_pkg/share/my_camera_pkg/package.dsv'
[5.520s] INFO:colcon.colcon_core.shell:Creating package script '/home/teng/ros2_ws/install/my_camera_pkg/share/my_camera_pkg/package.sh'
[5.520s] INFO:colcon.colcon_core.shell:Creating package script '/home/teng/ros2_ws/install/my_camera_pkg/share/my_camera_pkg/package.bash'
[5.521s] INFO:colcon.colcon_core.shell:Creating package script '/home/teng/ros2_ws/install/my_camera_pkg/share/my_camera_pkg/package.zsh'
[5.521s] Level 1:colcon.colcon_core.environment:create_file_with_runtime_dependencies(/home/teng/ros2_ws/install/my_camera_pkg/share/colcon-core/packages/my_camera_pkg)
[5.532s] DEBUG:colcon.colcon_parallel_executor.executor.parallel:closing loop
[5.532s] DEBUG:colcon.colcon_parallel_executor.executor.parallel:loop closed
[5.532s] DEBUG:colcon.colcon_parallel_executor.executor.parallel:run_until_complete finished with '2'
[5.532s] DEBUG:colcon.colcon_core.event_reactor:joining thread
[5.537s] INFO:colcon.colcon_core.plugin_system:Skipping extension 'colcon_notification.desktop_notification.terminal_notifier': Not used on non-Darwin systems
[5.537s] INFO:colcon.colcon_core.plugin_system:Skipping extension 'colcon_notification.desktop_notification.win32': Not used on non-Windows systems
[5.537s] INFO:colcon.colcon_notification.desktop_notification:Sending desktop notification using 'notify2'
[5.547s] DEBUG:colcon.colcon_core.event_reactor:joined thread
[5.548s] INFO:colcon.colcon_core.shell:Creating prefix script '/home/teng/ros2_ws/install/local_setup.ps1'
[5.549s] INFO:colcon.colcon_core.shell:Creating prefix util module '/home/teng/ros2_ws/install/_local_setup_util_ps1.py'
[5.551s] INFO:colcon.colcon_core.shell:Creating prefix chain script '/home/teng/ros2_ws/install/setup.ps1'
[5.553s] INFO:colcon.colcon_core.shell:Creating prefix script '/home/teng/ros2_ws/install/local_setup.sh'
[5.554s] INFO:colcon.colcon_core.shell:Creating prefix util module '/home/teng/ros2_ws/install/_local_setup_util_sh.py'
[5.554s] INFO:colcon.colcon_core.shell:Creating prefix chain script '/home/teng/ros2_ws/install/setup.sh'
[5.556s] INFO:colcon.colcon_core.shell:Creating prefix script '/home/teng/ros2_ws/install/local_setup.bash'
[5.556s] INFO:colcon.colcon_core.shell:Creating prefix chain script '/home/teng/ros2_ws/install/setup.bash'
[5.557s] INFO:colcon.colcon_core.shell:Creating prefix script '/home/teng/ros2_ws/install/local_setup.zsh'
[5.558s] INFO:colcon.colcon_core.shell:Creating prefix chain script '/home/teng/ros2_ws/install/setup.zsh'
