[0.015s] Invoking command in '/home/teng/ros2_ws/build/my_camera_pkg': CMAKE_PREFIX_PATH=${CMAKE_PREFIX_PATH}:/home/teng/ros2_ws/install/ps5_controller:/opt/ros/humble /usr/bin/cmake --build /home/teng/ros2_ws/build/my_camera_pkg -- -j3 -l3
[0.090s] [35m[1mConsolidate compiler generated dependencies of target camera_node[0m
[0.112s] [ 50%] [32mBuilding CXX object CMakeFiles/camera_node.dir/src/camera_node.cpp.o[0m
[4.832s] [100%] [32m[1mLinking CXX executable camera_node[0m
[5.350s] [100%] Built target camera_node
[5.367s] Invoked command in '/home/teng/ros2_ws/build/my_camera_pkg' returned '0': CMAKE_PREFIX_PATH=${CMAKE_PREFIX_PATH}:/home/teng/ros2_ws/install/ps5_controller:/opt/ros/humble /usr/bin/cmake --build /home/teng/ros2_ws/build/my_camera_pkg -- -j3 -l3
[5.442s] Invoking command in '/home/teng/ros2_ws/build/my_camera_pkg': CMAKE_PREFIX_PATH=${CMAKE_PREFIX_PATH}:/home/teng/ros2_ws/install/ps5_controller:/opt/ros/humble /usr/bin/cmake --install /home/teng/ros2_ws/build/my_camera_pkg
[5.454s] -- Install configuration: ""
[5.454s] -- Installing: /home/teng/ros2_ws/install/my_camera_pkg/lib/my_camera_pkg/camera_node
[5.455s] -- Set runtime path of "/home/teng/ros2_ws/install/my_camera_pkg/lib/my_camera_pkg/camera_node" to ""
[5.455s] -- Up-to-date: /home/teng/ros2_ws/install/my_camera_pkg/share/ament_index/resource_index/package_run_dependencies/my_camera_pkg
[5.457s] -- Up-to-date: /home/teng/ros2_ws/install/my_camera_pkg/share/ament_index/resource_index/parent_prefix_path/my_camera_pkg
[5.457s] -- Up-to-date: /home/teng/ros2_ws/install/my_camera_pkg/share/my_camera_pkg/environment/ament_prefix_path.sh
[5.457s] -- Up-to-date: /home/teng/ros2_ws/install/my_camera_pkg/share/my_camera_pkg/environment/ament_prefix_path.dsv
[5.458s] -- Up-to-date: /home/teng/ros2_ws/install/my_camera_pkg/share/my_camera_pkg/environment/path.sh
[5.458s] -- Up-to-date: /home/teng/ros2_ws/install/my_camera_pkg/share/my_camera_pkg/environment/path.dsv
[5.458s] -- Up-to-date: /home/teng/ros2_ws/install/my_camera_pkg/share/my_camera_pkg/local_setup.bash
[5.458s] -- Up-to-date: /home/teng/ros2_ws/install/my_camera_pkg/share/my_camera_pkg/local_setup.sh
[5.458s] -- Up-to-date: /home/teng/ros2_ws/install/my_camera_pkg/share/my_camera_pkg/local_setup.zsh
[5.459s] -- Up-to-date: /home/teng/ros2_ws/install/my_camera_pkg/share/my_camera_pkg/local_setup.dsv
[5.459s] -- Installing: /home/teng/ros2_ws/install/my_camera_pkg/share/my_camera_pkg/package.dsv
[5.460s] -- Up-to-date: /home/teng/ros2_ws/install/my_camera_pkg/share/ament_index/resource_index/packages/my_camera_pkg
[5.460s] -- Up-to-date: /home/teng/ros2_ws/install/my_camera_pkg/share/my_camera_pkg/cmake/my_camera_pkgConfig.cmake
[5.460s] -- Up-to-date: /home/teng/ros2_ws/install/my_camera_pkg/share/my_camera_pkg/cmake/my_camera_pkgConfig-version.cmake
[5.461s] -- Up-to-date: /home/teng/ros2_ws/install/my_camera_pkg/share/my_camera_pkg/package.xml
[5.464s] Invoked command in '/home/teng/ros2_ws/build/my_camera_pkg' returned '0': CMAKE_PREFIX_PATH=${CMAKE_PREFIX_PATH}:/home/teng/ros2_ws/install/ps5_controller:/opt/ros/humble /usr/bin/cmake --install /home/teng/ros2_ws/build/my_camera_pkg
