[0.030s] Invoking command in '/home/teng/ros2_ws/build/my_camera_pkg': CMAKE_PREFIX_PATH=${CMAKE_PREFIX_PATH}:/home/teng/ros2_ws/install/ps5_controller:/home/teng/ros2_ws/install/camera:/opt/ros/humble /usr/bin/cmake --build /home/teng/ros2_ws/build/my_camera_pkg -- -j3 -l3
[0.388s] -- Found ament_cmake: 1.3.5 (/opt/ros/humble/share/ament_cmake/cmake)
[0.388s] -- Found rclcpp: 16.0.5 (/opt/ros/humble/share/rclcpp/cmake)
[0.413s] -- Found rosidl_generator_c: 3.1.5 (/opt/ros/humble/share/rosidl_generator_c/cmake)
[0.426s] -- Found rosidl_adapter: 3.1.5 (/opt/ros/humble/share/rosidl_adapter/cmake)
[0.448s] -- Found rosidl_generator_cpp: 3.1.5 (/opt/ros/humble/share/rosidl_generator_cpp/cmake)
[0.483s] -- Using all available rosidl_typesupport_c: rosidl_typesupport_fastrtps_c;rosidl_typesupport_introspection_c
[0.534s] -- Using all available rosidl_typesupport_cpp: rosidl_typesupport_fastrtps_cpp;rosidl_typesupport_introspection_cpp
[0.677s] -- Found rmw_implementation_cmake: 6.1.1 (/opt/ros/humble/share/rmw_implementation_cmake/cmake)
[0.694s] -- Found rmw_fastrtps_cpp: 6.2.3 (/opt/ros/humble/share/rmw_fastrtps_cpp/cmake)
[0.902s] -- Found OpenSSL: /usr/lib/x86_64-linux-gnu/libcrypto.so (found version "3.0.2")  
[0.961s] -- Found FastRTPS: /opt/ros/humble/include  
[1.020s] -- Using RMW implementation 'rmw_fastrtps_cpp' as default
[1.050s] -- Looking for pthread.h
[1.171s] -- Looking for pthread.h - found
[1.171s] -- Performing Test CMAKE_HAVE_LIBC_PTHREAD
[1.292s] -- Performing Test CMAKE_HAVE_LIBC_PTHREAD - Success
[1.294s] -- Found Threads: TRUE  
[1.521s] -- Found image_transport: 3.1.7 (/opt/ros/humble/share/image_transport/cmake)
[1.754s] -- Found cv_bridge: 3.2.1 (/opt/ros/humble/share/cv_bridge/cmake)
[1.786s] [31mCMake Error at CMakeLists.txt:28 (find_package):
[1.786s]   By not providing "Findusb_cam.cmake" in CMAKE_MODULE_PATH this project has
[1.786s]   asked CMake to find a package configuration file provided by "usb_cam", but
[1.786s]   CMake did not find one.
[1.786s] 
[1.786s]   Could not find a package configuration file provided by "usb_cam" with any
[1.786s]   of the following names:
[1.786s] 
[1.786s]     usb_camConfig.cmake
[1.787s]     usb_cam-config.cmake
[1.787s] 
[1.787s]   Add the installation prefix of "usb_cam" to CMAKE_PREFIX_PATH or set
[1.787s]   "usb_cam_DIR" to a directory containing one of the above files.  If
[1.787s]   "usb_cam" provides a separate development package or SDK, be sure it has
[1.787s]   been installed.
[1.787s] 
[1.787s] [0m
[1.787s] -- Configuring incomplete, errors occurred!
[1.787s] See also "/home/teng/ros2_ws/build/my_camera_pkg/CMakeFiles/CMakeOutput.log".
[1.792s] gmake: *** [Makefile:267: cmake_check_build_system] Error 1
[1.794s] Invoked command in '/home/teng/ros2_ws/build/my_camera_pkg' returned '2': CMAKE_PREFIX_PATH=${CMAKE_PREFIX_PATH}:/home/teng/ros2_ws/install/ps5_controller:/home/teng/ros2_ws/install/camera:/opt/ros/humble /usr/bin/cmake --build /home/teng/ros2_ws/build/my_camera_pkg -- -j3 -l3
