[0.023s] Invoking command in '/home/teng/ros2_ws/build/twowd_robot_description': CMAKE_PREFIX_PATH=${CMAKE_PREFIX_PATH}:/home/teng/ros2_ws/install/ps5_controller:/home/teng/ros2_ws/install/camera:/opt/ros/humble /usr/bin/cmake /home/teng/ros2_ws/src/twowd_robot_description -DCMAKE_INSTALL_PREFIX=/home/teng/ros2_ws/install/twowd_robot_description
[0.123s] -- The C compiler identification is GNU 11.4.0
[0.196s] -- The CXX compiler identification is GNU 11.4.0
[0.205s] -- Detecting C compiler ABI info
[0.304s] -- Detecting C compiler ABI info - done
[0.311s] -- Check for working C compiler: /usr/bin/cc - skipped
[0.311s] -- Detecting C compile features
[0.312s] -- Detecting C compile features - done
[0.315s] -- Detecting CXX compiler ABI info
[0.418s] -- Detecting CXX compiler ABI info - done
[0.425s] -- Check for working CXX compiler: /usr/bin/c++ - skipped
[0.426s] -- Detecting CXX compile features
[0.427s] -- Detecting CXX compile features - done
[0.429s] -- Found ament_cmake: 1.3.5 (/opt/ros/humble/share/ament_cmake/cmake)
[0.669s] -- Found Python3: /usr/bin/python3.10 (found version "3.10.12") found components: Interpreter 
[0.834s] -- Configuring done
[0.837s] -- Generating done
[0.838s] -- Build files have been written to: /home/teng/ros2_ws/build/twowd_robot_description
[0.842s] Invoked command in '/home/teng/ros2_ws/build/twowd_robot_description' returned '0': CMAKE_PREFIX_PATH=${CMAKE_PREFIX_PATH}:/home/teng/ros2_ws/install/ps5_controller:/home/teng/ros2_ws/install/camera:/opt/ros/humble /usr/bin/cmake /home/teng/ros2_ws/src/twowd_robot_description -DCMAKE_INSTALL_PREFIX=/home/teng/ros2_ws/install/twowd_robot_description
[0.843s] Invoking command in '/home/teng/ros2_ws/build/twowd_robot_description': CMAKE_PREFIX_PATH=${CMAKE_PREFIX_PATH}:/home/teng/ros2_ws/install/ps5_controller:/home/teng/ros2_ws/install/camera:/opt/ros/humble /usr/bin/cmake --build /home/teng/ros2_ws/build/twowd_robot_description -- -j3 -l3
[0.905s] Invoked command in '/home/teng/ros2_ws/build/twowd_robot_description' returned '0': CMAKE_PREFIX_PATH=${CMAKE_PREFIX_PATH}:/home/teng/ros2_ws/install/ps5_controller:/home/teng/ros2_ws/install/camera:/opt/ros/humble /usr/bin/cmake --build /home/teng/ros2_ws/build/twowd_robot_description -- -j3 -l3
[0.944s] Invoking command in '/home/teng/ros2_ws/build/twowd_robot_description': CMAKE_PREFIX_PATH=${CMAKE_PREFIX_PATH}:/home/teng/ros2_ws/install/ps5_controller:/home/teng/ros2_ws/install/camera:/opt/ros/humble /usr/bin/cmake --install /home/teng/ros2_ws/build/twowd_robot_description
[0.961s] -- Install configuration: ""
[0.961s] -- Installing: /home/teng/ros2_ws/install/twowd_robot_description/share/twowd_robot_description//urdf
[0.961s] -- Installing: /home/teng/ros2_ws/install/twowd_robot_description/share/twowd_robot_description//urdf/camera.xacro
[0.962s] -- Installing: /home/teng/ros2_ws/install/twowd_robot_description/share/twowd_robot_description//urdf/twowd_robot.urdf.xacro
[0.962s] -- Installing: /home/teng/ros2_ws/install/twowd_robot_description/share/twowd_robot_description//urdf/common_properties.xacro
[0.962s] -- Installing: /home/teng/ros2_ws/install/twowd_robot_description/share/twowd_robot_description//urdf/mobile_base_gazebo.xacro
[0.962s] -- Installing: /home/teng/ros2_ws/install/twowd_robot_description/share/twowd_robot_description//urdf/mobile_base.xacro
[0.962s] -- Installing: /home/teng/ros2_ws/install/twowd_robot_description/share/twowd_robot_description//launch
[0.962s] -- Installing: /home/teng/ros2_ws/install/twowd_robot_description/share/twowd_robot_description//launch/display.launch.py
[0.962s] -- Installing: /home/teng/ros2_ws/install/twowd_robot_description/share/twowd_robot_description//launch/display.launch.xml
[0.963s] -- Installing: /home/teng/ros2_ws/install/twowd_robot_description/share/twowd_robot_description//rviz
[0.963s] -- Installing: /home/teng/ros2_ws/install/twowd_robot_description/share/twowd_robot_description//rviz/urdf_config.rviz
[0.966s] -- Installing: /home/teng/ros2_ws/install/twowd_robot_description/share/ament_index/resource_index/package_run_dependencies/twowd_robot_description
[0.966s] -- Installing: /home/teng/ros2_ws/install/twowd_robot_description/share/ament_index/resource_index/parent_prefix_path/twowd_robot_description
[0.966s] -- Installing: /home/teng/ros2_ws/install/twowd_robot_description/share/twowd_robot_description/environment/ament_prefix_path.sh
[0.967s] -- Installing: /home/teng/ros2_ws/install/twowd_robot_description/share/twowd_robot_description/environment/ament_prefix_path.dsv
[0.967s] -- Installing: /home/teng/ros2_ws/install/twowd_robot_description/share/twowd_robot_description/environment/path.sh
[0.967s] -- Installing: /home/teng/ros2_ws/install/twowd_robot_description/share/twowd_robot_description/environment/path.dsv
[0.967s] -- Installing: /home/teng/ros2_ws/install/twowd_robot_description/share/twowd_robot_description/local_setup.bash
[0.968s] -- Installing: /home/teng/ros2_ws/install/twowd_robot_description/share/twowd_robot_description/local_setup.sh
[0.968s] -- Installing: /home/teng/ros2_ws/install/twowd_robot_description/share/twowd_robot_description/local_setup.zsh
[0.972s] -- Installing: /home/teng/ros2_ws/install/twowd_robot_description/share/twowd_robot_description/local_setup.dsv
[0.972s] -- Installing: /home/teng/ros2_ws/install/twowd_robot_description/share/twowd_robot_description/package.dsv
[0.973s] -- Installing: /home/teng/ros2_ws/install/twowd_robot_description/share/ament_index/resource_index/packages/twowd_robot_description
[0.973s] -- Installing: /home/teng/ros2_ws/install/twowd_robot_description/share/twowd_robot_description/cmake/twowd_robot_descriptionConfig.cmake
[0.973s] -- Installing: /home/teng/ros2_ws/install/twowd_robot_description/share/twowd_robot_description/cmake/twowd_robot_descriptionConfig-version.cmake
[0.973s] -- Installing: /home/teng/ros2_ws/install/twowd_robot_description/share/twowd_robot_description/package.xml
[0.973s] Invoked command in '/home/teng/ros2_ws/build/twowd_robot_description' returned '0': CMAKE_PREFIX_PATH=${CMAKE_PREFIX_PATH}:/home/teng/ros2_ws/install/ps5_controller:/home/teng/ros2_ws/install/camera:/opt/ros/humble /usr/bin/cmake --install /home/teng/ros2_ws/build/twowd_robot_description
