[0.714s] Invoking command in '/home/teng/ros2_ws/src/ps5_controller': PYTHONPATH=/home/teng/ros2_ws/build/ps5_controller/prefix_override:/home/teng/ros2_ws/install/ps5_controller/lib/python3.10/site-packages:${PYTHONPATH} /usr/bin/python3 setup.py egg_info --egg-base ../../build/ps5_controller build --build-base /home/teng/ros2_ws/build/ps5_controller/build install --record /home/teng/ros2_ws/build/ps5_controller/install.log --single-version-externally-managed
[1.037s] running egg_info
[1.038s] writing ../../build/ps5_controller/ps5_controller.egg-info/PKG-INFO
[1.039s] writing dependency_links to ../../build/ps5_controller/ps5_controller.egg-info/dependency_links.txt
[1.039s] writing entry points to ../../build/ps5_controller/ps5_controller.egg-info/entry_points.txt
[1.039s] writing requirements to ../../build/ps5_controller/ps5_controller.egg-info/requires.txt
[1.039s] writing top-level names to ../../build/ps5_controller/ps5_controller.egg-info/top_level.txt
[1.042s] reading manifest file '../../build/ps5_controller/ps5_controller.egg-info/SOURCES.txt'
[1.043s] writing manifest file '../../build/ps5_controller/ps5_controller.egg-info/SOURCES.txt'
[1.043s] running build
[1.043s] running build_py
[1.044s] running install
[1.044s] /usr/lib/python3/dist-packages/setuptools/command/install.py:34: SetuptoolsDeprecationWarning: setup.py install is deprecated. Use build and pip and other standards-based tools.
[1.044s]   warnings.warn(
[1.044s] running install_lib
[1.046s] running install_data
[1.047s] running install_egg_info
[1.049s] removing '/home/teng/ros2_ws/install/ps5_controller/lib/python3.10/site-packages/ps5_controller-0.0.0-py3.10.egg-info' (and everything under it)
[1.050s] Copying ../../build/ps5_controller/ps5_controller.egg-info to /home/teng/ros2_ws/install/ps5_controller/lib/python3.10/site-packages/ps5_controller-0.0.0-py3.10.egg-info
[1.051s] running install_scripts
[1.074s] Installing ps5_controller_node script to /home/teng/ros2_ws/install/ps5_controller/lib/ps5_controller
[1.075s] writing list of installed files to '/home/teng/ros2_ws/build/ps5_controller/install.log'
[1.097s] Invoked command in '/home/teng/ros2_ws/src/ps5_controller' returned '0': PYTHONPATH=/home/teng/ros2_ws/build/ps5_controller/prefix_override:/home/teng/ros2_ws/install/ps5_controller/lib/python3.10/site-packages:${PYTHONPATH} /usr/bin/python3 setup.py egg_info --egg-base ../../build/ps5_controller build --build-base /home/teng/ros2_ws/build/ps5_controller/build install --record /home/teng/ros2_ws/build/ps5_controller/install.log --single-version-externally-managed
