-- Install configuration: ""
-- Installing: /home/teng/ros2_ws/install/twowd_robot_bringup/share/twowd_robot_bringup//launch
-- Installing: /home/teng/ros2_ws/install/twowd_robot_bringup/share/twowd_robot_bringup//launch/twowd_robot_gazebo.launch.xml
-- Installing: /home/teng/ros2_ws/install/twowd_robot_bringup/share/twowd_robot_bringup//rviz
-- Installing: /home/teng/ros2_ws/install/twowd_robot_bringup/share/twowd_robot_bringup//rviz/urdf_config.rviz
-- Installing: /home/teng/ros2_ws/install/twowd_robot_bringup/share/twowd_robot_bringup//worlds
-- Installing: /home/teng/ros2_ws/install/twowd_robot_bringup/share/twowd_robot_bringup//worlds/test_world.world
-- Installing: /home/teng/ros2_ws/install/twowd_robot_bringup/share/ament_index/resource_index/package_run_dependencies/twowd_robot_bringup
-- Installing: /home/teng/ros2_ws/install/twowd_robot_bringup/share/ament_index/resource_index/parent_prefix_path/twowd_robot_bringup
-- Installing: /home/teng/ros2_ws/install/twowd_robot_bringup/share/twowd_robot_bringup/environment/ament_prefix_path.sh
-- Installing: /home/teng/ros2_ws/install/twowd_robot_bringup/share/twowd_robot_bringup/environment/ament_prefix_path.dsv
-- Installing: /home/teng/ros2_ws/install/twowd_robot_bringup/share/twowd_robot_bringup/environment/path.sh
-- Installing: /home/teng/ros2_ws/install/twowd_robot_bringup/share/twowd_robot_bringup/environment/path.dsv
-- Installing: /home/teng/ros2_ws/install/twowd_robot_bringup/share/twowd_robot_bringup/local_setup.bash
-- Installing: /home/teng/ros2_ws/install/twowd_robot_bringup/share/twowd_robot_bringup/local_setup.sh
-- Installing: /home/teng/ros2_ws/install/twowd_robot_bringup/share/twowd_robot_bringup/local_setup.zsh
-- Installing: /home/teng/ros2_ws/install/twowd_robot_bringup/share/twowd_robot_bringup/local_setup.dsv
-- Installing: /home/teng/ros2_ws/install/twowd_robot_bringup/share/twowd_robot_bringup/package.dsv
-- Installing: /home/teng/ros2_ws/install/twowd_robot_bringup/share/ament_index/resource_index/packages/twowd_robot_bringup
-- Installing: /home/teng/ros2_ws/install/twowd_robot_bringup/share/twowd_robot_bringup/cmake/twowd_robot_bringupConfig.cmake
-- Installing: /home/teng/ros2_ws/install/twowd_robot_bringup/share/twowd_robot_bringup/cmake/twowd_robot_bringupConfig-version.cmake
-- Installing: /home/teng/ros2_ws/install/twowd_robot_bringup/share/twowd_robot_bringup/package.xml
