[0.378s] Invoking command in '/home/teng/ros2_ws/build/twowd_robot_bringup': CMAKE_PREFIX_PATH=${CMAKE_PREFIX_PATH}:/home/teng/ros2_ws/install/ps5_controller:/home/teng/ros2_ws/install/camera:/opt/ros/humble /usr/bin/cmake --build /home/teng/ros2_ws/build/twowd_robot_bringup -- -j3 -l3
[0.445s] Invoked command in '/home/teng/ros2_ws/build/twowd_robot_bringup' returned '0': CMAKE_PREFIX_PATH=${CMAKE_PREFIX_PATH}:/home/teng/ros2_ws/install/ps5_controller:/home/teng/ros2_ws/install/camera:/opt/ros/humble /usr/bin/cmake --build /home/teng/ros2_ws/build/twowd_robot_bringup -- -j3 -l3
[0.542s] Invoking command in '/home/teng/ros2_ws/build/twowd_robot_bringup': CMAKE_PREFIX_PATH=${CMAKE_PREFIX_PATH}:/home/teng/ros2_ws/install/ps5_controller:/home/teng/ros2_ws/install/camera:/opt/ros/humble /usr/bin/cmake --install /home/teng/ros2_ws/build/twowd_robot_bringup
[0.553s] -- Install configuration: ""
[0.553s] -- Installing: /home/teng/ros2_ws/install/twowd_robot_bringup/share/twowd_robot_bringup//launch
[0.553s] -- Installing: /home/teng/ros2_ws/install/twowd_robot_bringup/share/twowd_robot_bringup//launch/twowd_robot_gazebo.launch.xml
[0.554s] -- Installing: /home/teng/ros2_ws/install/twowd_robot_bringup/share/twowd_robot_bringup//rviz
[0.554s] -- Installing: /home/teng/ros2_ws/install/twowd_robot_bringup/share/twowd_robot_bringup//rviz/urdf_config.rviz
[0.554s] -- Installing: /home/teng/ros2_ws/install/twowd_robot_bringup/share/twowd_robot_bringup//worlds
[0.555s] -- Installing: /home/teng/ros2_ws/install/twowd_robot_bringup/share/twowd_robot_bringup//worlds/test_world.world
[0.555s] -- Installing: /home/teng/ros2_ws/install/twowd_robot_bringup/share/ament_index/resource_index/package_run_dependencies/twowd_robot_bringup
[0.555s] -- Installing: /home/teng/ros2_ws/install/twowd_robot_bringup/share/ament_index/resource_index/parent_prefix_path/twowd_robot_bringup
[0.556s] -- Installing: /home/teng/ros2_ws/install/twowd_robot_bringup/share/twowd_robot_bringup/environment/ament_prefix_path.sh
[0.556s] -- Installing: /home/teng/ros2_ws/install/twowd_robot_bringup/share/twowd_robot_bringup/environment/ament_prefix_path.dsv
[0.557s] -- Installing: /home/teng/ros2_ws/install/twowd_robot_bringup/share/twowd_robot_bringup/environment/path.sh
[0.558s] -- Installing: /home/teng/ros2_ws/install/twowd_robot_bringup/share/twowd_robot_bringup/environment/path.dsv
[0.558s] -- Installing: /home/teng/ros2_ws/install/twowd_robot_bringup/share/twowd_robot_bringup/local_setup.bash
[0.559s] -- Installing: /home/teng/ros2_ws/install/twowd_robot_bringup/share/twowd_robot_bringup/local_setup.sh
[0.559s] -- Installing: /home/teng/ros2_ws/install/twowd_robot_bringup/share/twowd_robot_bringup/local_setup.zsh
[0.559s] -- Installing: /home/teng/ros2_ws/install/twowd_robot_bringup/share/twowd_robot_bringup/local_setup.dsv
[0.560s] -- Installing: /home/teng/ros2_ws/install/twowd_robot_bringup/share/twowd_robot_bringup/package.dsv
[0.560s] -- Installing: /home/teng/ros2_ws/install/twowd_robot_bringup/share/ament_index/resource_index/packages/twowd_robot_bringup
[0.561s] -- Installing: /home/teng/ros2_ws/install/twowd_robot_bringup/share/twowd_robot_bringup/cmake/twowd_robot_bringupConfig.cmake
[0.561s] -- Installing: /home/teng/ros2_ws/install/twowd_robot_bringup/share/twowd_robot_bringup/cmake/twowd_robot_bringupConfig-version.cmake
[0.561s] -- Installing: /home/teng/ros2_ws/install/twowd_robot_bringup/share/twowd_robot_bringup/package.xml
[0.570s] Invoked command in '/home/teng/ros2_ws/build/twowd_robot_bringup' returned '0': CMAKE_PREFIX_PATH=${CMAKE_PREFIX_PATH}:/home/teng/ros2_ws/install/ps5_controller:/home/teng/ros2_ws/install/camera:/opt/ros/humble /usr/bin/cmake --install /home/teng/ros2_ws/build/twowd_robot_bringup
