[0.029s] Invoking command in '/home/teng/ros2_ws/build/my_camera_pkg': CMAKE_PREFIX_PATH=${CMAKE_PREFIX_PATH}:/home/teng/ros2_ws/install/ps5_controller:/opt/ros/humble /usr/bin/cmake --build /home/teng/ros2_ws/build/my_camera_pkg -- -j3 -l3
[0.356s] [35m[1mConsolidate compiler generated dependencies of target camera_node[0m
[0.356s] [ 50%] [32mBuilding CXX object CMakeFiles/camera_node.dir/src/camera_node.cpp.o[0m
[3.507s] [01m[K/home/teng/ros2_ws/src/my_camera_pkg/src/camera_node.cpp:[m[K In constructor ‘[01m[KCameraNode::CameraNode()[m[K’:
[3.507s] [01m[K/home/teng/ros2_ws/src/my_camera_pkg/src/camera_node.cpp:14:44:[m[K [01;31m[Kerror: [m[Kreference to ‘[01m[Kshared_from_this[m[K’ is ambiguous
[3.508s]    14 |         image_transport::ImageTransport it([01;31m[Kshared_from_this[m[K());
[3.508s]       |                                            [01;31m[K^~~~~~~~~~~~~~~~[m[K
[3.508s] In file included from [01m[K/usr/include/c++/11/memory:77[m[K,
[3.508s]                  from [01m[K/opt/ros/humble/include/rclcpp/rclcpp/rclcpp.hpp:153[m[K,
[3.508s]                  from [01m[K/home/teng/ros2_ws/src/my_camera_pkg/src/camera_node.cpp:1[m[K:
[3.508s] [01m[K/usr/include/c++/11/bits/shared_ptr.h:811:7:[m[K [01;36m[Knote: [m[Kcandidates are: ‘[01m[Kstd::shared_ptr<const _Tp> std::enable_shared_from_this<_Tp>::shared_from_this() const [with _Tp = CameraNode][m[K’
[3.508s]   811 |       [01;36m[Kshared_from_this[m[K() const
[3.508s]       |       [01;36m[K^~~~~~~~~~~~~~~~[m[K
[3.508s] [01m[K/usr/include/c++/11/bits/shared_ptr.h:807:7:[m[K [01;36m[Knote: [m[K                ‘[01m[Kstd::shared_ptr<_Tp> std::enable_shared_from_this<_Tp>::shared_from_this() [with _Tp = CameraNode][m[K’
[3.508s]   807 |       [01;36m[Kshared_from_this[m[K()
[3.508s]       |       [01;36m[K^~~~~~~~~~~~~~~~[m[K
[3.508s] [01m[K/usr/include/c++/11/bits/shared_ptr.h:811:7:[m[K [01;36m[Knote: [m[K                ‘[01m[Kstd::shared_ptr<const _Tp> std::enable_shared_from_this<_Tp>::shared_from_this() const [with _Tp = rclcpp::Node][m[K’
[3.508s]   811 |       [01;36m[Kshared_from_this[m[K() const
[3.508s]       |       [01;36m[K^~~~~~~~~~~~~~~~[m[K
[3.508s] [01m[K/usr/include/c++/11/bits/shared_ptr.h:807:7:[m[K [01;36m[Knote: [m[K                ‘[01m[Kstd::shared_ptr<_Tp> std::enable_shared_from_this<_Tp>::shared_from_this() [with _Tp = rclcpp::Node][m[K’
[3.508s]   807 |       [01;36m[Kshared_from_this[m[K()
[3.508s]       |       [01;36m[K^~~~~~~~~~~~~~~~[m[K
[4.359s] gmake[2]: *** [CMakeFiles/camera_node.dir/build.make:76: CMakeFiles/camera_node.dir/src/camera_node.cpp.o] Error 1
[4.359s] gmake[1]: *** [CMakeFiles/Makefile2:137: CMakeFiles/camera_node.dir/all] Error 2
[4.359s] gmake: *** [Makefile:146: all] Error 2
[4.363s] Invoked command in '/home/teng/ros2_ws/build/my_camera_pkg' returned '2': CMAKE_PREFIX_PATH=${CMAKE_PREFIX_PATH}:/home/teng/ros2_ws/install/ps5_controller:/opt/ros/humble /usr/bin/cmake --build /home/teng/ros2_ws/build/my_camera_pkg -- -j3 -l3
