[0.023s] Invoking command in '/home/teng/ros2_ws/build/my_camera_pkg': CMAKE_PREFIX_PATH=${CMAKE_PREFIX_PATH}:/home/teng/ros2_ws/install/ps5_controller:/opt/ros/humble /usr/bin/cmake --build /home/teng/ros2_ws/build/my_camera_pkg -- -j3 -l3
[0.082s] [35m[1mConsolidate compiler generated dependencies of target camera_node[0m
[0.108s] [ 50%] [32mBuilding CXX object CMakeFiles/camera_node.dir/src/camera_node.cpp.o[0m
[4.401s] [100%] [32m[1mLinking CXX executable camera_node[0m
[4.898s] [100%] Built target camera_node
[4.911s] Invoked command in '/home/teng/ros2_ws/build/my_camera_pkg' returned '0': CMAKE_PREFIX_PATH=${CMAKE_PREFIX_PATH}:/home/teng/ros2_ws/install/ps5_controller:/opt/ros/humble /usr/bin/cmake --build /home/teng/ros2_ws/build/my_camera_pkg -- -j3 -l3
[4.977s] Invoking command in '/home/teng/ros2_ws/build/my_camera_pkg': CMAKE_PREFIX_PATH=${CMAKE_PREFIX_PATH}:/home/teng/ros2_ws/install/ps5_controller:/opt/ros/humble /usr/bin/cmake --install /home/teng/ros2_ws/build/my_camera_pkg
[4.985s] -- Install configuration: ""
[4.985s] -- Installing: /home/teng/ros2_ws/install/my_camera_pkg/lib/my_camera_pkg/camera_node
[4.986s] -- Set runtime path of "/home/teng/ros2_ws/install/my_camera_pkg/lib/my_camera_pkg/camera_node" to ""
[4.986s] -- Up-to-date: /home/teng/ros2_ws/install/my_camera_pkg/share/ament_index/resource_index/package_run_dependencies/my_camera_pkg
[4.986s] -- Up-to-date: /home/teng/ros2_ws/install/my_camera_pkg/share/ament_index/resource_index/parent_prefix_path/my_camera_pkg
[4.987s] -- Up-to-date: /home/teng/ros2_ws/install/my_camera_pkg/share/my_camera_pkg/environment/ament_prefix_path.sh
[4.987s] -- Up-to-date: /home/teng/ros2_ws/install/my_camera_pkg/share/my_camera_pkg/environment/ament_prefix_path.dsv
[4.987s] -- Up-to-date: /home/teng/ros2_ws/install/my_camera_pkg/share/my_camera_pkg/environment/path.sh
[4.987s] -- Up-to-date: /home/teng/ros2_ws/install/my_camera_pkg/share/my_camera_pkg/environment/path.dsv
[4.987s] -- Up-to-date: /home/teng/ros2_ws/install/my_camera_pkg/share/my_camera_pkg/local_setup.bash
[4.987s] -- Up-to-date: /home/teng/ros2_ws/install/my_camera_pkg/share/my_camera_pkg/local_setup.sh
[4.987s] -- Up-to-date: /home/teng/ros2_ws/install/my_camera_pkg/share/my_camera_pkg/local_setup.zsh
[4.988s] -- Up-to-date: /home/teng/ros2_ws/install/my_camera_pkg/share/my_camera_pkg/local_setup.dsv
[4.988s] -- Installing: /home/teng/ros2_ws/install/my_camera_pkg/share/my_camera_pkg/package.dsv
[4.988s] -- Up-to-date: /home/teng/ros2_ws/install/my_camera_pkg/share/ament_index/resource_index/packages/my_camera_pkg
[4.988s] -- Up-to-date: /home/teng/ros2_ws/install/my_camera_pkg/share/my_camera_pkg/cmake/my_camera_pkgConfig.cmake
[4.988s] -- Up-to-date: /home/teng/ros2_ws/install/my_camera_pkg/share/my_camera_pkg/cmake/my_camera_pkgConfig-version.cmake
[4.989s] -- Up-to-date: /home/teng/ros2_ws/install/my_camera_pkg/share/my_camera_pkg/package.xml
[4.990s] Invoked command in '/home/teng/ros2_ws/build/my_camera_pkg' returned '0': CMAKE_PREFIX_PATH=${CMAKE_PREFIX_PATH}:/home/teng/ros2_ws/install/ps5_controller:/opt/ros/humble /usr/bin/cmake --install /home/teng/ros2_ws/build/my_camera_pkg
