[0.339s] DEBUG:colcon:Command line arguments: ['/usr/bin/colcon', 'build', '--packages-select', 'my_camera_pkg']
[0.339s] DEBUG:colcon:Parsed command line arguments: Namespace(log_base=None, log_level=None, verb_name='build', build_base='build', install_base='install', merge_install=False, symlink_install=False, test_result_base=None, continue_on_error=False, executor='parallel', parallel_workers=3, event_handlers=None, ignore_user_meta=False, metas=['./colcon.meta'], base_paths=['.'], packages_ignore=None, packages_ignore_regex=None, paths=None, packages_up_to=None, packages_up_to_regex=None, packages_above=None, packages_above_and_dependencies=None, packages_above_depth=None, packages_select_by_dep=None, packages_skip_by_dep=None, packages_skip_up_to=None, packages_select_build_failed=False, packages_skip_build_finished=False, packages_select_test_failures=False, packages_skip_test_passed=False, packages_select=['my_camera_pkg'], packages_skip=None, packages_select_regex=None, packages_skip_regex=None, packages_start=None, packages_end=None, allow_overriding=[], cmake_args=None, cmake_target=None, cmake_target_skip_unavailable=False, cmake_clean_cache=False, cmake_clean_first=False, cmake_force_configure=False, ament_cmake_args=None, catkin_cmake_args=None, catkin_skip_building_tests=False, verb_parser=<colcon_defaults.argument_parser.defaults.DefaultArgumentsDecorator object at 0x762fa1de43a0>, verb_extension=<colcon_core.verb.build.BuildVerb object at 0x762fa25b85b0>, main=<bound method BuildVerb.main of <colcon_core.verb.build.BuildVerb object at 0x762fa25b85b0>>)
[0.369s] Level 1:colcon.colcon_core.package_discovery:discover_packages(colcon_meta) check parameters
[0.369s] Level 1:colcon.colcon_core.package_discovery:discover_packages(recursive) check parameters
[0.369s] Level 1:colcon.colcon_core.package_discovery:discover_packages(ignore) check parameters
[0.369s] Level 1:colcon.colcon_core.package_discovery:discover_packages(path) check parameters
[0.369s] Level 1:colcon.colcon_core.package_discovery:discover_packages(colcon_meta) discover
[0.369s] Level 1:colcon.colcon_core.package_discovery:discover_packages(recursive) discover
[0.369s] INFO:colcon.colcon_core.package_discovery:Crawling recursively for packages in '/home/teng/ros2_ws'
[0.369s] Level 1:colcon.colcon_core.package_identification:_identify(.) by extensions ['ignore', 'ignore_ament_install']
[0.369s] Level 1:colcon.colcon_core.package_identification:_identify(.) by extension 'ignore'
[0.369s] Level 1:colcon.colcon_core.package_identification:_identify(.) by extension 'ignore_ament_install'
[0.369s] Level 1:colcon.colcon_core.package_identification:_identify(.) by extensions ['colcon_pkg']
[0.369s] Level 1:colcon.colcon_core.package_identification:_identify(.) by extension 'colcon_pkg'
[0.369s] Level 1:colcon.colcon_core.package_identification:_identify(.) by extensions ['colcon_meta']
[0.369s] Level 1:colcon.colcon_core.package_identification:_identify(.) by extension 'colcon_meta'
[0.369s] Level 1:colcon.colcon_core.package_identification:_identify(.) by extensions ['ros']
[0.369s] Level 1:colcon.colcon_core.package_identification:_identify(.) by extension 'ros'
[0.381s] Level 1:colcon.colcon_core.package_identification:_identify(.) by extensions ['cmake', 'python']
[0.381s] Level 1:colcon.colcon_core.package_identification:_identify(.) by extension 'cmake'
[0.381s] Level 1:colcon.colcon_core.package_identification:_identify(.) by extension 'python'
[0.381s] Level 1:colcon.colcon_core.package_identification:_identify(.) by extensions ['python_setup_py']
[0.381s] Level 1:colcon.colcon_core.package_identification:_identify(.) by extension 'python_setup_py'
[0.381s] Level 1:colcon.colcon_core.package_identification:_identify(build) by extensions ['ignore', 'ignore_ament_install']
[0.381s] Level 1:colcon.colcon_core.package_identification:_identify(build) by extension 'ignore'
[0.381s] Level 1:colcon.colcon_core.package_identification:_identify(build) ignored
[0.381s] Level 1:colcon.colcon_core.package_identification:_identify(install) by extensions ['ignore', 'ignore_ament_install']
[0.381s] Level 1:colcon.colcon_core.package_identification:_identify(install) by extension 'ignore'
[0.381s] Level 1:colcon.colcon_core.package_identification:_identify(install) ignored
[0.382s] Level 1:colcon.colcon_core.package_identification:_identify(log) by extensions ['ignore', 'ignore_ament_install']
[0.382s] Level 1:colcon.colcon_core.package_identification:_identify(log) by extension 'ignore'
[0.382s] Level 1:colcon.colcon_core.package_identification:_identify(log) ignored
[0.382s] Level 1:colcon.colcon_core.package_identification:_identify(src) by extensions ['ignore', 'ignore_ament_install']
[0.382s] Level 1:colcon.colcon_core.package_identification:_identify(src) by extension 'ignore'
[0.382s] Level 1:colcon.colcon_core.package_identification:_identify(src) by extension 'ignore_ament_install'
[0.382s] Level 1:colcon.colcon_core.package_identification:_identify(src) by extensions ['colcon_pkg']
[0.382s] Level 1:colcon.colcon_core.package_identification:_identify(src) by extension 'colcon_pkg'
[0.382s] Level 1:colcon.colcon_core.package_identification:_identify(src) by extensions ['colcon_meta']
[0.382s] Level 1:colcon.colcon_core.package_identification:_identify(src) by extension 'colcon_meta'
[0.382s] Level 1:colcon.colcon_core.package_identification:_identify(src) by extensions ['ros']
[0.382s] Level 1:colcon.colcon_core.package_identification:_identify(src) by extension 'ros'
[0.382s] Level 1:colcon.colcon_core.package_identification:_identify(src) by extensions ['cmake', 'python']
[0.382s] Level 1:colcon.colcon_core.package_identification:_identify(src) by extension 'cmake'
[0.382s] Level 1:colcon.colcon_core.package_identification:_identify(src) by extension 'python'
[0.382s] Level 1:colcon.colcon_core.package_identification:_identify(src) by extensions ['python_setup_py']
[0.382s] Level 1:colcon.colcon_core.package_identification:_identify(src) by extension 'python_setup_py'
[0.383s] Level 1:colcon.colcon_core.package_identification:_identify(src/build) by extensions ['ignore', 'ignore_ament_install']
[0.383s] Level 1:colcon.colcon_core.package_identification:_identify(src/build) by extension 'ignore'
[0.383s] Level 1:colcon.colcon_core.package_identification:_identify(src/build) ignored
[0.383s] Level 1:colcon.colcon_core.package_identification:_identify(src/install) by extensions ['ignore', 'ignore_ament_install']
[0.383s] Level 1:colcon.colcon_core.package_identification:_identify(src/install) by extension 'ignore'
[0.383s] Level 1:colcon.colcon_core.package_identification:_identify(src/install) ignored
[0.383s] Level 1:colcon.colcon_core.package_identification:_identify(src/log) by extensions ['ignore', 'ignore_ament_install']
[0.383s] Level 1:colcon.colcon_core.package_identification:_identify(src/log) by extension 'ignore'
[0.383s] Level 1:colcon.colcon_core.package_identification:_identify(src/log) ignored
[0.383s] Level 1:colcon.colcon_core.package_identification:_identify(src/my_camera_pkg) by extensions ['ignore', 'ignore_ament_install']
[0.383s] Level 1:colcon.colcon_core.package_identification:_identify(src/my_camera_pkg) by extension 'ignore'
[0.383s] Level 1:colcon.colcon_core.package_identification:_identify(src/my_camera_pkg) by extension 'ignore_ament_install'
[0.383s] Level 1:colcon.colcon_core.package_identification:_identify(src/my_camera_pkg) by extensions ['colcon_pkg']
[0.383s] Level 1:colcon.colcon_core.package_identification:_identify(src/my_camera_pkg) by extension 'colcon_pkg'
[0.384s] Level 1:colcon.colcon_core.package_identification:_identify(src/my_camera_pkg) by extensions ['colcon_meta']
[0.384s] Level 1:colcon.colcon_core.package_identification:_identify(src/my_camera_pkg) by extension 'colcon_meta'
[0.384s] Level 1:colcon.colcon_core.package_identification:_identify(src/my_camera_pkg) by extensions ['ros']
[0.384s] Level 1:colcon.colcon_core.package_identification:_identify(src/my_camera_pkg) by extension 'ros'
[0.386s] DEBUG:colcon.colcon_core.package_identification:Package 'src/my_camera_pkg' with type 'ros.ament_cmake' and name 'my_camera_pkg'
[0.386s] Level 1:colcon.colcon_core.package_identification:_identify(src/ps5_controller) by extensions ['ignore', 'ignore_ament_install']
[0.386s] Level 1:colcon.colcon_core.package_identification:_identify(src/ps5_controller) by extension 'ignore'
[0.386s] Level 1:colcon.colcon_core.package_identification:_identify(src/ps5_controller) by extension 'ignore_ament_install'
[0.386s] Level 1:colcon.colcon_core.package_identification:_identify(src/ps5_controller) by extensions ['colcon_pkg']
[0.386s] Level 1:colcon.colcon_core.package_identification:_identify(src/ps5_controller) by extension 'colcon_pkg'
[0.387s] Level 1:colcon.colcon_core.package_identification:_identify(src/ps5_controller) by extensions ['colcon_meta']
[0.387s] Level 1:colcon.colcon_core.package_identification:_identify(src/ps5_controller) by extension 'colcon_meta'
[0.387s] Level 1:colcon.colcon_core.package_identification:_identify(src/ps5_controller) by extensions ['ros']
[0.387s] Level 1:colcon.colcon_core.package_identification:_identify(src/ps5_controller) by extension 'ros'
[0.387s] DEBUG:colcon.colcon_core.package_identification:Package 'src/ps5_controller' with type 'ros.ament_python' and name 'ps5_controller'
[0.387s] Level 1:colcon.colcon_core.package_identification:_identify(src/twowd_robot_bringup) by extensions ['ignore', 'ignore_ament_install']
[0.387s] Level 1:colcon.colcon_core.package_identification:_identify(src/twowd_robot_bringup) by extension 'ignore'
[0.387s] Level 1:colcon.colcon_core.package_identification:_identify(src/twowd_robot_bringup) by extension 'ignore_ament_install'
[0.387s] Level 1:colcon.colcon_core.package_identification:_identify(src/twowd_robot_bringup) by extensions ['colcon_pkg']
[0.387s] Level 1:colcon.colcon_core.package_identification:_identify(src/twowd_robot_bringup) by extension 'colcon_pkg'
[0.387s] Level 1:colcon.colcon_core.package_identification:_identify(src/twowd_robot_bringup) by extensions ['colcon_meta']
[0.388s] Level 1:colcon.colcon_core.package_identification:_identify(src/twowd_robot_bringup) by extension 'colcon_meta'
[0.388s] Level 1:colcon.colcon_core.package_identification:_identify(src/twowd_robot_bringup) by extensions ['ros']
[0.388s] Level 1:colcon.colcon_core.package_identification:_identify(src/twowd_robot_bringup) by extension 'ros'
[0.388s] DEBUG:colcon.colcon_core.package_identification:Package 'src/twowd_robot_bringup' with type 'ros.ament_cmake' and name 'twowd_robot_bringup'
[0.388s] Level 1:colcon.colcon_core.package_identification:_identify(src/twowd_robot_description) by extensions ['ignore', 'ignore_ament_install']
[0.388s] Level 1:colcon.colcon_core.package_identification:_identify(src/twowd_robot_description) by extension 'ignore'
[0.388s] Level 1:colcon.colcon_core.package_identification:_identify(src/twowd_robot_description) by extension 'ignore_ament_install'
[0.389s] Level 1:colcon.colcon_core.package_identification:_identify(src/twowd_robot_description) by extensions ['colcon_pkg']
[0.389s] Level 1:colcon.colcon_core.package_identification:_identify(src/twowd_robot_description) by extension 'colcon_pkg'
[0.389s] Level 1:colcon.colcon_core.package_identification:_identify(src/twowd_robot_description) by extensions ['colcon_meta']
[0.389s] Level 1:colcon.colcon_core.package_identification:_identify(src/twowd_robot_description) by extension 'colcon_meta'
[0.389s] Level 1:colcon.colcon_core.package_identification:_identify(src/twowd_robot_description) by extensions ['ros']
[0.389s] Level 1:colcon.colcon_core.package_identification:_identify(src/twowd_robot_description) by extension 'ros'
[0.389s] DEBUG:colcon.colcon_core.package_identification:Package 'src/twowd_robot_description' with type 'ros.ament_cmake' and name 'twowd_robot_description'
[0.389s] Level 1:colcon.colcon_core.package_discovery:discover_packages(recursive) using defaults
[0.389s] Level 1:colcon.colcon_core.package_discovery:discover_packages(ignore) discover
[0.389s] Level 1:colcon.colcon_core.package_discovery:discover_packages(ignore) using defaults
[0.389s] Level 1:colcon.colcon_core.package_discovery:discover_packages(path) discover
[0.389s] Level 1:colcon.colcon_core.package_discovery:discover_packages(path) using defaults
[0.411s] INFO:colcon.colcon_core.package_selection:Skipping not selected package 'ps5_controller' in 'src/ps5_controller'
[0.411s] INFO:colcon.colcon_core.package_selection:Skipping not selected package 'twowd_robot_bringup' in 'src/twowd_robot_bringup'
[0.412s] INFO:colcon.colcon_core.package_selection:Skipping not selected package 'twowd_robot_description' in 'src/twowd_robot_description'
[0.412s] Level 1:colcon.colcon_core.package_discovery:discover_packages(prefix_path) check parameters
[0.412s] Level 1:colcon.colcon_core.package_discovery:discover_packages(prefix_path) discover
[0.415s] DEBUG:colcon.colcon_installed_package_information.package_discovery:Found 4 installed packages in /home/teng/ros2_ws/install
[0.417s] DEBUG:colcon.colcon_installed_package_information.package_discovery:Found 305 installed packages in /opt/ros/humble
[0.418s] Level 1:colcon.colcon_core.package_discovery:discover_packages(prefix_path) using defaults
[0.490s] Level 5:colcon.colcon_core.verb:set package 'my_camera_pkg' build argument 'cmake_args' from command line to 'None'
[0.490s] Level 5:colcon.colcon_core.verb:set package 'my_camera_pkg' build argument 'cmake_target' from command line to 'None'
[0.490s] Level 5:colcon.colcon_core.verb:set package 'my_camera_pkg' build argument 'cmake_target_skip_unavailable' from command line to 'False'
[0.490s] Level 5:colcon.colcon_core.verb:set package 'my_camera_pkg' build argument 'cmake_clean_cache' from command line to 'False'
[0.490s] Level 5:colcon.colcon_core.verb:set package 'my_camera_pkg' build argument 'cmake_clean_first' from command line to 'False'
[0.490s] Level 5:colcon.colcon_core.verb:set package 'my_camera_pkg' build argument 'cmake_force_configure' from command line to 'False'
[0.490s] Level 5:colcon.colcon_core.verb:set package 'my_camera_pkg' build argument 'ament_cmake_args' from command line to 'None'
[0.490s] Level 5:colcon.colcon_core.verb:set package 'my_camera_pkg' build argument 'catkin_cmake_args' from command line to 'None'
[0.490s] Level 5:colcon.colcon_core.verb:set package 'my_camera_pkg' build argument 'catkin_skip_building_tests' from command line to 'False'
[0.490s] DEBUG:colcon.colcon_core.verb:Building package 'my_camera_pkg' with the following arguments: {'ament_cmake_args': None, 'build_base': '/home/teng/ros2_ws/build/my_camera_pkg', 'catkin_cmake_args': None, 'catkin_skip_building_tests': False, 'cmake_args': None, 'cmake_clean_cache': False, 'cmake_clean_first': False, 'cmake_force_configure': False, 'cmake_target': None, 'cmake_target_skip_unavailable': False, 'install_base': '/home/teng/ros2_ws/install/my_camera_pkg', 'merge_install': False, 'path': '/home/teng/ros2_ws/src/my_camera_pkg', 'symlink_install': False, 'test_result_base': None}
[0.491s] INFO:colcon.colcon_core.executor:Executing jobs using 'parallel' executor
[0.494s] DEBUG:colcon.colcon_parallel_executor.executor.parallel:run_until_complete
[0.494s] INFO:colcon.colcon_ros.task.ament_cmake.build:Building ROS package in '/home/teng/ros2_ws/src/my_camera_pkg' with build type 'ament_cmake'
[0.494s] INFO:colcon.colcon_cmake.task.cmake.build:Building CMake package in '/home/teng/ros2_ws/src/my_camera_pkg'
[0.498s] INFO:colcon.colcon_core.plugin_system:Skipping extension 'colcon_core.shell.bat': Not used on non-Windows systems
[0.499s] INFO:colcon.colcon_core.shell:Skip shell extension 'powershell' for command environment: Not usable outside of PowerShell
[0.499s] DEBUG:colcon.colcon_core.shell:Skip shell extension 'dsv' for command environment
[0.510s] DEBUG:colcon.colcon_core.event_handler.log_command:Invoking command in '/home/teng/ros2_ws/build/my_camera_pkg': CMAKE_PREFIX_PATH=${CMAKE_PREFIX_PATH}:/home/teng/ros2_ws/install/ps5_controller:/opt/ros/humble /usr/bin/cmake --build /home/teng/ros2_ws/build/my_camera_pkg -- -j3 -l3
[5.863s] DEBUG:colcon.colcon_core.event_handler.log_command:Invoked command in '/home/teng/ros2_ws/build/my_camera_pkg' returned '0': CMAKE_PREFIX_PATH=${CMAKE_PREFIX_PATH}:/home/teng/ros2_ws/install/ps5_controller:/opt/ros/humble /usr/bin/cmake --build /home/teng/ros2_ws/build/my_camera_pkg -- -j3 -l3
[5.938s] DEBUG:colcon.colcon_core.event_handler.log_command:Invoking command in '/home/teng/ros2_ws/build/my_camera_pkg': CMAKE_PREFIX_PATH=${CMAKE_PREFIX_PATH}:/home/teng/ros2_ws/install/ps5_controller:/opt/ros/humble /usr/bin/cmake --install /home/teng/ros2_ws/build/my_camera_pkg
[5.958s] Level 1:colcon.colcon_core.environment:create_environment_scripts_only(my_camera_pkg)
[5.960s] DEBUG:colcon.colcon_core.event_handler.log_command:Invoked command in '/home/teng/ros2_ws/build/my_camera_pkg' returned '0': CMAKE_PREFIX_PATH=${CMAKE_PREFIX_PATH}:/home/teng/ros2_ws/install/ps5_controller:/opt/ros/humble /usr/bin/cmake --install /home/teng/ros2_ws/build/my_camera_pkg
[5.964s] Level 1:colcon.colcon_core.environment:checking '/home/teng/ros2_ws/install/my_camera_pkg' for CMake module files
[5.965s] Level 1:colcon.colcon_core.environment:checking '/home/teng/ros2_ws/install/my_camera_pkg' for CMake config files
[5.965s] Level 1:colcon.colcon_core.shell:create_environment_hook('my_camera_pkg', 'cmake_prefix_path')
[5.967s] INFO:colcon.colcon_core.shell:Creating environment hook '/home/teng/ros2_ws/install/my_camera_pkg/share/my_camera_pkg/hook/cmake_prefix_path.ps1'
[5.968s] INFO:colcon.colcon_core.shell:Creating environment descriptor '/home/teng/ros2_ws/install/my_camera_pkg/share/my_camera_pkg/hook/cmake_prefix_path.dsv'
[5.968s] INFO:colcon.colcon_core.shell:Creating environment hook '/home/teng/ros2_ws/install/my_camera_pkg/share/my_camera_pkg/hook/cmake_prefix_path.sh'
[5.969s] Level 1:colcon.colcon_core.environment:checking '/home/teng/ros2_ws/install/my_camera_pkg/lib'
[5.969s] Level 1:colcon.colcon_core.environment:checking '/home/teng/ros2_ws/install/my_camera_pkg/bin'
[5.969s] Level 1:colcon.colcon_core.environment:checking '/home/teng/ros2_ws/install/my_camera_pkg/lib/pkgconfig/my_camera_pkg.pc'
[5.970s] Level 1:colcon.colcon_core.environment:checking '/home/teng/ros2_ws/install/my_camera_pkg/lib/python3.10/site-packages'
[5.970s] Level 1:colcon.colcon_core.environment:checking '/home/teng/ros2_ws/install/my_camera_pkg/bin'
[5.973s] INFO:colcon.colcon_core.shell:Creating package script '/home/teng/ros2_ws/install/my_camera_pkg/share/my_camera_pkg/package.ps1'
[5.975s] INFO:colcon.colcon_core.shell:Creating package descriptor '/home/teng/ros2_ws/install/my_camera_pkg/share/my_camera_pkg/package.dsv'
[5.976s] INFO:colcon.colcon_core.shell:Creating package script '/home/teng/ros2_ws/install/my_camera_pkg/share/my_camera_pkg/package.sh'
[5.977s] INFO:colcon.colcon_core.shell:Creating package script '/home/teng/ros2_ws/install/my_camera_pkg/share/my_camera_pkg/package.bash'
[5.978s] INFO:colcon.colcon_core.shell:Creating package script '/home/teng/ros2_ws/install/my_camera_pkg/share/my_camera_pkg/package.zsh'
[5.978s] Level 1:colcon.colcon_core.environment:create_file_with_runtime_dependencies(/home/teng/ros2_ws/install/my_camera_pkg/share/colcon-core/packages/my_camera_pkg)
[6.034s] Level 1:colcon.colcon_core.environment:create_environment_scripts_only(my_camera_pkg)
[6.037s] Level 1:colcon.colcon_core.environment:checking '/home/teng/ros2_ws/install/my_camera_pkg' for CMake module files
[6.038s] Level 1:colcon.colcon_core.environment:checking '/home/teng/ros2_ws/install/my_camera_pkg' for CMake config files
[6.038s] Level 1:colcon.colcon_core.shell:create_environment_hook('my_camera_pkg', 'cmake_prefix_path')
[6.040s] INFO:colcon.colcon_core.shell:Creating environment hook '/home/teng/ros2_ws/install/my_camera_pkg/share/my_camera_pkg/hook/cmake_prefix_path.ps1'
[6.041s] INFO:colcon.colcon_core.shell:Creating environment descriptor '/home/teng/ros2_ws/install/my_camera_pkg/share/my_camera_pkg/hook/cmake_prefix_path.dsv'
[6.041s] INFO:colcon.colcon_core.shell:Creating environment hook '/home/teng/ros2_ws/install/my_camera_pkg/share/my_camera_pkg/hook/cmake_prefix_path.sh'
[6.042s] Level 1:colcon.colcon_core.environment:checking '/home/teng/ros2_ws/install/my_camera_pkg/lib'
[6.042s] Level 1:colcon.colcon_core.environment:checking '/home/teng/ros2_ws/install/my_camera_pkg/bin'
[6.042s] Level 1:colcon.colcon_core.environment:checking '/home/teng/ros2_ws/install/my_camera_pkg/lib/pkgconfig/my_camera_pkg.pc'
[6.042s] Level 1:colcon.colcon_core.environment:checking '/home/teng/ros2_ws/install/my_camera_pkg/lib/python3.10/site-packages'
[6.042s] Level 1:colcon.colcon_core.environment:checking '/home/teng/ros2_ws/install/my_camera_pkg/bin'
[6.043s] INFO:colcon.colcon_core.shell:Creating package script '/home/teng/ros2_ws/install/my_camera_pkg/share/my_camera_pkg/package.ps1'
[6.044s] INFO:colcon.colcon_core.shell:Creating package descriptor '/home/teng/ros2_ws/install/my_camera_pkg/share/my_camera_pkg/package.dsv'
[6.044s] INFO:colcon.colcon_core.shell:Creating package script '/home/teng/ros2_ws/install/my_camera_pkg/share/my_camera_pkg/package.sh'
[6.045s] INFO:colcon.colcon_core.shell:Creating package script '/home/teng/ros2_ws/install/my_camera_pkg/share/my_camera_pkg/package.bash'
[6.045s] INFO:colcon.colcon_core.shell:Creating package script '/home/teng/ros2_ws/install/my_camera_pkg/share/my_camera_pkg/package.zsh'
[6.046s] Level 1:colcon.colcon_core.environment:create_file_with_runtime_dependencies(/home/teng/ros2_ws/install/my_camera_pkg/share/colcon-core/packages/my_camera_pkg)
[6.046s] DEBUG:colcon.colcon_parallel_executor.executor.parallel:closing loop
[6.047s] DEBUG:colcon.colcon_parallel_executor.executor.parallel:loop closed
[6.047s] DEBUG:colcon.colcon_parallel_executor.executor.parallel:run_until_complete finished with '0'
[6.047s] DEBUG:colcon.colcon_core.event_reactor:joining thread
[6.055s] INFO:colcon.colcon_core.plugin_system:Skipping extension 'colcon_notification.desktop_notification.terminal_notifier': Not used on non-Darwin systems
[6.055s] INFO:colcon.colcon_core.plugin_system:Skipping extension 'colcon_notification.desktop_notification.win32': Not used on non-Windows systems
[6.055s] INFO:colcon.colcon_notification.desktop_notification:Sending desktop notification using 'notify2'
[6.084s] DEBUG:colcon.colcon_core.event_reactor:joined thread
[6.086s] INFO:colcon.colcon_core.shell:Creating prefix script '/home/teng/ros2_ws/install/local_setup.ps1'
[6.087s] INFO:colcon.colcon_core.shell:Creating prefix util module '/home/teng/ros2_ws/install/_local_setup_util_ps1.py'
[6.090s] INFO:colcon.colcon_core.shell:Creating prefix chain script '/home/teng/ros2_ws/install/setup.ps1'
[6.093s] INFO:colcon.colcon_core.shell:Creating prefix script '/home/teng/ros2_ws/install/local_setup.sh'
[6.095s] INFO:colcon.colcon_core.shell:Creating prefix util module '/home/teng/ros2_ws/install/_local_setup_util_sh.py'
[6.101s] INFO:colcon.colcon_core.shell:Creating prefix chain script '/home/teng/ros2_ws/install/setup.sh'
[6.103s] INFO:colcon.colcon_core.shell:Creating prefix script '/home/teng/ros2_ws/install/local_setup.bash'
[6.104s] INFO:colcon.colcon_core.shell:Creating prefix chain script '/home/teng/ros2_ws/install/setup.bash'
[6.108s] INFO:colcon.colcon_core.shell:Creating prefix script '/home/teng/ros2_ws/install/local_setup.zsh'
[6.109s] INFO:colcon.colcon_core.shell:Creating prefix chain script '/home/teng/ros2_ws/install/setup.zsh'
