[0.317s] DEBUG:colcon:Command line arguments: ['/usr/bin/colcon', 'build']
[0.318s] DEBUG:colcon:Parsed command line arguments: Namespace(log_base=None, log_level=None, verb_name='build', build_base='build', install_base='install', merge_install=False, symlink_install=False, test_result_base=None, continue_on_error=False, executor='parallel', parallel_workers=3, event_handlers=None, ignore_user_meta=False, metas=['./colcon.meta'], base_paths=['.'], packages_ignore=None, packages_ignore_regex=None, paths=None, packages_up_to=None, packages_up_to_regex=None, packages_above=None, packages_above_and_dependencies=None, packages_above_depth=None, packages_select_by_dep=None, packages_skip_by_dep=None, packages_skip_up_to=None, packages_select_build_failed=False, packages_skip_build_finished=False, packages_select_test_failures=False, packages_skip_test_passed=False, packages_select=None, packages_skip=None, packages_select_regex=None, packages_skip_regex=None, packages_start=None, packages_end=None, allow_overriding=[], cmake_args=None, cmake_target=None, cmake_target_skip_unavailable=False, cmake_clean_cache=False, cmake_clean_first=False, cmake_force_configure=False, ament_cmake_args=None, catkin_cmake_args=None, catkin_skip_building_tests=False, verb_parser=<colcon_defaults.argument_parser.defaults.DefaultArgumentsDecorator object at 0x7795779fc250>, verb_extension=<colcon_core.verb.build.BuildVerb object at 0x7795782283a0>, main=<bound method BuildVerb.main of <colcon_core.verb.build.BuildVerb object at 0x7795782283a0>>)
[0.346s] Level 1:colcon.colcon_core.package_discovery:discover_packages(colcon_meta) check parameters
[0.347s] Level 1:colcon.colcon_core.package_discovery:discover_packages(recursive) check parameters
[0.347s] Level 1:colcon.colcon_core.package_discovery:discover_packages(ignore) check parameters
[0.347s] Level 1:colcon.colcon_core.package_discovery:discover_packages(path) check parameters
[0.347s] Level 1:colcon.colcon_core.package_discovery:discover_packages(colcon_meta) discover
[0.347s] Level 1:colcon.colcon_core.package_discovery:discover_packages(recursive) discover
[0.347s] INFO:colcon.colcon_core.package_discovery:Crawling recursively for packages in '/home/teng/ros2_ws'
[0.347s] Level 1:colcon.colcon_core.package_identification:_identify(.) by extensions ['ignore', 'ignore_ament_install']
[0.347s] Level 1:colcon.colcon_core.package_identification:_identify(.) by extension 'ignore'
[0.347s] Level 1:colcon.colcon_core.package_identification:_identify(.) by extension 'ignore_ament_install'
[0.347s] Level 1:colcon.colcon_core.package_identification:_identify(.) by extensions ['colcon_pkg']
[0.347s] Level 1:colcon.colcon_core.package_identification:_identify(.) by extension 'colcon_pkg'
[0.347s] Level 1:colcon.colcon_core.package_identification:_identify(.) by extensions ['colcon_meta']
[0.347s] Level 1:colcon.colcon_core.package_identification:_identify(.) by extension 'colcon_meta'
[0.347s] Level 1:colcon.colcon_core.package_identification:_identify(.) by extensions ['ros']
[0.347s] Level 1:colcon.colcon_core.package_identification:_identify(.) by extension 'ros'
[0.358s] Level 1:colcon.colcon_core.package_identification:_identify(.) by extensions ['cmake', 'python']
[0.358s] Level 1:colcon.colcon_core.package_identification:_identify(.) by extension 'cmake'
[0.358s] Level 1:colcon.colcon_core.package_identification:_identify(.) by extension 'python'
[0.358s] Level 1:colcon.colcon_core.package_identification:_identify(.) by extensions ['python_setup_py']
[0.358s] Level 1:colcon.colcon_core.package_identification:_identify(.) by extension 'python_setup_py'
[0.358s] Level 1:colcon.colcon_core.package_identification:_identify(build) by extensions ['ignore', 'ignore_ament_install']
[0.358s] Level 1:colcon.colcon_core.package_identification:_identify(build) by extension 'ignore'
[0.358s] Level 1:colcon.colcon_core.package_identification:_identify(build) ignored
[0.359s] Level 1:colcon.colcon_core.package_identification:_identify(install) by extensions ['ignore', 'ignore_ament_install']
[0.359s] Level 1:colcon.colcon_core.package_identification:_identify(install) by extension 'ignore'
[0.359s] Level 1:colcon.colcon_core.package_identification:_identify(install) ignored
[0.359s] Level 1:colcon.colcon_core.package_identification:_identify(log) by extensions ['ignore', 'ignore_ament_install']
[0.359s] Level 1:colcon.colcon_core.package_identification:_identify(log) by extension 'ignore'
[0.359s] Level 1:colcon.colcon_core.package_identification:_identify(log) ignored
[0.359s] Level 1:colcon.colcon_core.package_identification:_identify(src) by extensions ['ignore', 'ignore_ament_install']
[0.359s] Level 1:colcon.colcon_core.package_identification:_identify(src) by extension 'ignore'
[0.359s] Level 1:colcon.colcon_core.package_identification:_identify(src) by extension 'ignore_ament_install'
[0.359s] Level 1:colcon.colcon_core.package_identification:_identify(src) by extensions ['colcon_pkg']
[0.359s] Level 1:colcon.colcon_core.package_identification:_identify(src) by extension 'colcon_pkg'
[0.359s] Level 1:colcon.colcon_core.package_identification:_identify(src) by extensions ['colcon_meta']
[0.359s] Level 1:colcon.colcon_core.package_identification:_identify(src) by extension 'colcon_meta'
[0.359s] Level 1:colcon.colcon_core.package_identification:_identify(src) by extensions ['ros']
[0.359s] Level 1:colcon.colcon_core.package_identification:_identify(src) by extension 'ros'
[0.360s] Level 1:colcon.colcon_core.package_identification:_identify(src) by extensions ['cmake', 'python']
[0.360s] Level 1:colcon.colcon_core.package_identification:_identify(src) by extension 'cmake'
[0.360s] Level 1:colcon.colcon_core.package_identification:_identify(src) by extension 'python'
[0.360s] Level 1:colcon.colcon_core.package_identification:_identify(src) by extensions ['python_setup_py']
[0.360s] Level 1:colcon.colcon_core.package_identification:_identify(src) by extension 'python_setup_py'
[0.360s] Level 1:colcon.colcon_core.package_identification:_identify(src/build) by extensions ['ignore', 'ignore_ament_install']
[0.360s] Level 1:colcon.colcon_core.package_identification:_identify(src/build) by extension 'ignore'
[0.360s] Level 1:colcon.colcon_core.package_identification:_identify(src/build) ignored
[0.360s] Level 1:colcon.colcon_core.package_identification:_identify(src/install) by extensions ['ignore', 'ignore_ament_install']
[0.360s] Level 1:colcon.colcon_core.package_identification:_identify(src/install) by extension 'ignore'
[0.360s] Level 1:colcon.colcon_core.package_identification:_identify(src/install) ignored
[0.360s] Level 1:colcon.colcon_core.package_identification:_identify(src/log) by extensions ['ignore', 'ignore_ament_install']
[0.360s] Level 1:colcon.colcon_core.package_identification:_identify(src/log) by extension 'ignore'
[0.360s] Level 1:colcon.colcon_core.package_identification:_identify(src/log) ignored
[0.360s] Level 1:colcon.colcon_core.package_identification:_identify(src/my_camera_pkg) by extensions ['ignore', 'ignore_ament_install']
[0.361s] Level 1:colcon.colcon_core.package_identification:_identify(src/my_camera_pkg) by extension 'ignore'
[0.361s] Level 1:colcon.colcon_core.package_identification:_identify(src/my_camera_pkg) by extension 'ignore_ament_install'
[0.361s] Level 1:colcon.colcon_core.package_identification:_identify(src/my_camera_pkg) by extensions ['colcon_pkg']
[0.361s] Level 1:colcon.colcon_core.package_identification:_identify(src/my_camera_pkg) by extension 'colcon_pkg'
[0.361s] Level 1:colcon.colcon_core.package_identification:_identify(src/my_camera_pkg) by extensions ['colcon_meta']
[0.361s] Level 1:colcon.colcon_core.package_identification:_identify(src/my_camera_pkg) by extension 'colcon_meta'
[0.361s] Level 1:colcon.colcon_core.package_identification:_identify(src/my_camera_pkg) by extensions ['ros']
[0.361s] Level 1:colcon.colcon_core.package_identification:_identify(src/my_camera_pkg) by extension 'ros'
[0.363s] DEBUG:colcon.colcon_core.package_identification:Package 'src/my_camera_pkg' with type 'ros.ament_cmake' and name 'my_camera_pkg'
[0.363s] Level 1:colcon.colcon_core.package_identification:_identify(src/ps5_controller) by extensions ['ignore', 'ignore_ament_install']
[0.363s] Level 1:colcon.colcon_core.package_identification:_identify(src/ps5_controller) by extension 'ignore'
[0.363s] Level 1:colcon.colcon_core.package_identification:_identify(src/ps5_controller) by extension 'ignore_ament_install'
[0.363s] Level 1:colcon.colcon_core.package_identification:_identify(src/ps5_controller) by extensions ['colcon_pkg']
[0.363s] Level 1:colcon.colcon_core.package_identification:_identify(src/ps5_controller) by extension 'colcon_pkg'
[0.364s] Level 1:colcon.colcon_core.package_identification:_identify(src/ps5_controller) by extensions ['colcon_meta']
[0.364s] Level 1:colcon.colcon_core.package_identification:_identify(src/ps5_controller) by extension 'colcon_meta'
[0.364s] Level 1:colcon.colcon_core.package_identification:_identify(src/ps5_controller) by extensions ['ros']
[0.364s] Level 1:colcon.colcon_core.package_identification:_identify(src/ps5_controller) by extension 'ros'
[0.364s] DEBUG:colcon.colcon_core.package_identification:Package 'src/ps5_controller' with type 'ros.ament_python' and name 'ps5_controller'
[0.364s] Level 1:colcon.colcon_core.package_identification:_identify(src/twowd_robot_bringup) by extensions ['ignore', 'ignore_ament_install']
[0.364s] Level 1:colcon.colcon_core.package_identification:_identify(src/twowd_robot_bringup) by extension 'ignore'
[0.364s] Level 1:colcon.colcon_core.package_identification:_identify(src/twowd_robot_bringup) by extension 'ignore_ament_install'
[0.364s] Level 1:colcon.colcon_core.package_identification:_identify(src/twowd_robot_bringup) by extensions ['colcon_pkg']
[0.364s] Level 1:colcon.colcon_core.package_identification:_identify(src/twowd_robot_bringup) by extension 'colcon_pkg'
[0.364s] Level 1:colcon.colcon_core.package_identification:_identify(src/twowd_robot_bringup) by extensions ['colcon_meta']
[0.364s] Level 1:colcon.colcon_core.package_identification:_identify(src/twowd_robot_bringup) by extension 'colcon_meta'
[0.365s] Level 1:colcon.colcon_core.package_identification:_identify(src/twowd_robot_bringup) by extensions ['ros']
[0.365s] Level 1:colcon.colcon_core.package_identification:_identify(src/twowd_robot_bringup) by extension 'ros'
[0.365s] DEBUG:colcon.colcon_core.package_identification:Package 'src/twowd_robot_bringup' with type 'ros.ament_cmake' and name 'twowd_robot_bringup'
[0.365s] Level 1:colcon.colcon_core.package_identification:_identify(src/twowd_robot_description) by extensions ['ignore', 'ignore_ament_install']
[0.365s] Level 1:colcon.colcon_core.package_identification:_identify(src/twowd_robot_description) by extension 'ignore'
[0.365s] Level 1:colcon.colcon_core.package_identification:_identify(src/twowd_robot_description) by extension 'ignore_ament_install'
[0.365s] Level 1:colcon.colcon_core.package_identification:_identify(src/twowd_robot_description) by extensions ['colcon_pkg']
[0.365s] Level 1:colcon.colcon_core.package_identification:_identify(src/twowd_robot_description) by extension 'colcon_pkg'
[0.365s] Level 1:colcon.colcon_core.package_identification:_identify(src/twowd_robot_description) by extensions ['colcon_meta']
[0.365s] Level 1:colcon.colcon_core.package_identification:_identify(src/twowd_robot_description) by extension 'colcon_meta'
[0.366s] Level 1:colcon.colcon_core.package_identification:_identify(src/twowd_robot_description) by extensions ['ros']
[0.366s] Level 1:colcon.colcon_core.package_identification:_identify(src/twowd_robot_description) by extension 'ros'
[0.366s] DEBUG:colcon.colcon_core.package_identification:Package 'src/twowd_robot_description' with type 'ros.ament_cmake' and name 'twowd_robot_description'
[0.366s] Level 1:colcon.colcon_core.package_discovery:discover_packages(recursive) using defaults
[0.366s] Level 1:colcon.colcon_core.package_discovery:discover_packages(ignore) discover
[0.366s] Level 1:colcon.colcon_core.package_discovery:discover_packages(ignore) using defaults
[0.366s] Level 1:colcon.colcon_core.package_discovery:discover_packages(path) discover
[0.366s] Level 1:colcon.colcon_core.package_discovery:discover_packages(path) using defaults
[0.388s] Level 1:colcon.colcon_core.package_discovery:discover_packages(prefix_path) check parameters
[0.388s] Level 1:colcon.colcon_core.package_discovery:discover_packages(prefix_path) discover
[0.390s] DEBUG:colcon.colcon_installed_package_information.package_discovery:Found 4 installed packages in /home/teng/ros2_ws/install
[0.392s] DEBUG:colcon.colcon_installed_package_information.package_discovery:Found 305 installed packages in /opt/ros/humble
[0.393s] Level 1:colcon.colcon_core.package_discovery:discover_packages(prefix_path) using defaults
[0.463s] Level 5:colcon.colcon_core.verb:set package 'my_camera_pkg' build argument 'cmake_args' from command line to 'None'
[0.463s] Level 5:colcon.colcon_core.verb:set package 'my_camera_pkg' build argument 'cmake_target' from command line to 'None'
[0.463s] Level 5:colcon.colcon_core.verb:set package 'my_camera_pkg' build argument 'cmake_target_skip_unavailable' from command line to 'False'
[0.463s] Level 5:colcon.colcon_core.verb:set package 'my_camera_pkg' build argument 'cmake_clean_cache' from command line to 'False'
[0.463s] Level 5:colcon.colcon_core.verb:set package 'my_camera_pkg' build argument 'cmake_clean_first' from command line to 'False'
[0.463s] Level 5:colcon.colcon_core.verb:set package 'my_camera_pkg' build argument 'cmake_force_configure' from command line to 'False'
[0.463s] Level 5:colcon.colcon_core.verb:set package 'my_camera_pkg' build argument 'ament_cmake_args' from command line to 'None'
[0.463s] Level 5:colcon.colcon_core.verb:set package 'my_camera_pkg' build argument 'catkin_cmake_args' from command line to 'None'
[0.463s] Level 5:colcon.colcon_core.verb:set package 'my_camera_pkg' build argument 'catkin_skip_building_tests' from command line to 'False'
[0.463s] DEBUG:colcon.colcon_core.verb:Building package 'my_camera_pkg' with the following arguments: {'ament_cmake_args': None, 'build_base': '/home/teng/ros2_ws/build/my_camera_pkg', 'catkin_cmake_args': None, 'catkin_skip_building_tests': False, 'cmake_args': None, 'cmake_clean_cache': False, 'cmake_clean_first': False, 'cmake_force_configure': False, 'cmake_target': None, 'cmake_target_skip_unavailable': False, 'install_base': '/home/teng/ros2_ws/install/my_camera_pkg', 'merge_install': False, 'path': '/home/teng/ros2_ws/src/my_camera_pkg', 'symlink_install': False, 'test_result_base': None}
[0.464s] Level 5:colcon.colcon_core.verb:set package 'ps5_controller' build argument 'cmake_args' from command line to 'None'
[0.464s] Level 5:colcon.colcon_core.verb:set package 'ps5_controller' build argument 'cmake_target' from command line to 'None'
[0.464s] Level 5:colcon.colcon_core.verb:set package 'ps5_controller' build argument 'cmake_target_skip_unavailable' from command line to 'False'
[0.464s] Level 5:colcon.colcon_core.verb:set package 'ps5_controller' build argument 'cmake_clean_cache' from command line to 'False'
[0.464s] Level 5:colcon.colcon_core.verb:set package 'ps5_controller' build argument 'cmake_clean_first' from command line to 'False'
[0.464s] Level 5:colcon.colcon_core.verb:set package 'ps5_controller' build argument 'cmake_force_configure' from command line to 'False'
[0.464s] Level 5:colcon.colcon_core.verb:set package 'ps5_controller' build argument 'ament_cmake_args' from command line to 'None'
[0.464s] Level 5:colcon.colcon_core.verb:set package 'ps5_controller' build argument 'catkin_cmake_args' from command line to 'None'
[0.464s] Level 5:colcon.colcon_core.verb:set package 'ps5_controller' build argument 'catkin_skip_building_tests' from command line to 'False'
[0.464s] DEBUG:colcon.colcon_core.verb:Building package 'ps5_controller' with the following arguments: {'ament_cmake_args': None, 'build_base': '/home/teng/ros2_ws/build/ps5_controller', 'catkin_cmake_args': None, 'catkin_skip_building_tests': False, 'cmake_args': None, 'cmake_clean_cache': False, 'cmake_clean_first': False, 'cmake_force_configure': False, 'cmake_target': None, 'cmake_target_skip_unavailable': False, 'install_base': '/home/teng/ros2_ws/install/ps5_controller', 'merge_install': False, 'path': '/home/teng/ros2_ws/src/ps5_controller', 'symlink_install': False, 'test_result_base': None}
[0.465s] Level 5:colcon.colcon_core.verb:set package 'twowd_robot_bringup' build argument 'cmake_args' from command line to 'None'
[0.465s] Level 5:colcon.colcon_core.verb:set package 'twowd_robot_bringup' build argument 'cmake_target' from command line to 'None'
[0.465s] Level 5:colcon.colcon_core.verb:set package 'twowd_robot_bringup' build argument 'cmake_target_skip_unavailable' from command line to 'False'
[0.465s] Level 5:colcon.colcon_core.verb:set package 'twowd_robot_bringup' build argument 'cmake_clean_cache' from command line to 'False'
[0.465s] Level 5:colcon.colcon_core.verb:set package 'twowd_robot_bringup' build argument 'cmake_clean_first' from command line to 'False'
[0.465s] Level 5:colcon.colcon_core.verb:set package 'twowd_robot_bringup' build argument 'cmake_force_configure' from command line to 'False'
[0.465s] Level 5:colcon.colcon_core.verb:set package 'twowd_robot_bringup' build argument 'ament_cmake_args' from command line to 'None'
[0.465s] Level 5:colcon.colcon_core.verb:set package 'twowd_robot_bringup' build argument 'catkin_cmake_args' from command line to 'None'
[0.465s] Level 5:colcon.colcon_core.verb:set package 'twowd_robot_bringup' build argument 'catkin_skip_building_tests' from command line to 'False'
[0.465s] DEBUG:colcon.colcon_core.verb:Building package 'twowd_robot_bringup' with the following arguments: {'ament_cmake_args': None, 'build_base': '/home/teng/ros2_ws/build/twowd_robot_bringup', 'catkin_cmake_args': None, 'catkin_skip_building_tests': False, 'cmake_args': None, 'cmake_clean_cache': False, 'cmake_clean_first': False, 'cmake_force_configure': False, 'cmake_target': None, 'cmake_target_skip_unavailable': False, 'install_base': '/home/teng/ros2_ws/install/twowd_robot_bringup', 'merge_install': False, 'path': '/home/teng/ros2_ws/src/twowd_robot_bringup', 'symlink_install': False, 'test_result_base': None}
[0.466s] Level 5:colcon.colcon_core.verb:set package 'twowd_robot_description' build argument 'cmake_args' from command line to 'None'
[0.466s] Level 5:colcon.colcon_core.verb:set package 'twowd_robot_description' build argument 'cmake_target' from command line to 'None'
[0.466s] Level 5:colcon.colcon_core.verb:set package 'twowd_robot_description' build argument 'cmake_target_skip_unavailable' from command line to 'False'
[0.466s] Level 5:colcon.colcon_core.verb:set package 'twowd_robot_description' build argument 'cmake_clean_cache' from command line to 'False'
[0.466s] Level 5:colcon.colcon_core.verb:set package 'twowd_robot_description' build argument 'cmake_clean_first' from command line to 'False'
[0.467s] Level 5:colcon.colcon_core.verb:set package 'twowd_robot_description' build argument 'cmake_force_configure' from command line to 'False'
[0.467s] Level 5:colcon.colcon_core.verb:set package 'twowd_robot_description' build argument 'ament_cmake_args' from command line to 'None'
[0.467s] Level 5:colcon.colcon_core.verb:set package 'twowd_robot_description' build argument 'catkin_cmake_args' from command line to 'None'
[0.467s] Level 5:colcon.colcon_core.verb:set package 'twowd_robot_description' build argument 'catkin_skip_building_tests' from command line to 'False'
[0.467s] DEBUG:colcon.colcon_core.verb:Building package 'twowd_robot_description' with the following arguments: {'ament_cmake_args': None, 'build_base': '/home/teng/ros2_ws/build/twowd_robot_description', 'catkin_cmake_args': None, 'catkin_skip_building_tests': False, 'cmake_args': None, 'cmake_clean_cache': False, 'cmake_clean_first': False, 'cmake_force_configure': False, 'cmake_target': None, 'cmake_target_skip_unavailable': False, 'install_base': '/home/teng/ros2_ws/install/twowd_robot_description', 'merge_install': False, 'path': '/home/teng/ros2_ws/src/twowd_robot_description', 'symlink_install': False, 'test_result_base': None}
[0.467s] INFO:colcon.colcon_core.executor:Executing jobs using 'parallel' executor
[0.470s] DEBUG:colcon.colcon_parallel_executor.executor.parallel:run_until_complete
[0.471s] INFO:colcon.colcon_ros.task.ament_cmake.build:Building ROS package in '/home/teng/ros2_ws/src/my_camera_pkg' with build type 'ament_cmake'
[0.471s] INFO:colcon.colcon_cmake.task.cmake.build:Building CMake package in '/home/teng/ros2_ws/src/my_camera_pkg'
[0.475s] INFO:colcon.colcon_core.plugin_system:Skipping extension 'colcon_core.shell.bat': Not used on non-Windows systems
[0.475s] INFO:colcon.colcon_core.shell:Skip shell extension 'powershell' for command environment: Not usable outside of PowerShell
[0.475s] DEBUG:colcon.colcon_core.shell:Skip shell extension 'dsv' for command environment
[0.480s] INFO:colcon.colcon_ros.task.ament_python.build:Building ROS package in '/home/teng/ros2_ws/src/ps5_controller' with build type 'ament_python'
[0.480s] Level 1:colcon.colcon_core.shell:create_environment_hook('ps5_controller', 'ament_prefix_path')
[0.481s] INFO:colcon.colcon_core.shell:Creating environment hook '/home/teng/ros2_ws/install/ps5_controller/share/ps5_controller/hook/ament_prefix_path.ps1'
[0.482s] INFO:colcon.colcon_core.shell:Creating environment descriptor '/home/teng/ros2_ws/install/ps5_controller/share/ps5_controller/hook/ament_prefix_path.dsv'
[0.483s] INFO:colcon.colcon_core.shell:Creating environment hook '/home/teng/ros2_ws/install/ps5_controller/share/ps5_controller/hook/ament_prefix_path.sh'
[0.484s] INFO:colcon.colcon_core.shell:Skip shell extension 'powershell' for command environment: Not usable outside of PowerShell
[0.484s] DEBUG:colcon.colcon_core.shell:Skip shell extension 'dsv' for command environment
[0.490s] INFO:colcon.colcon_ros.task.ament_cmake.build:Building ROS package in '/home/teng/ros2_ws/src/twowd_robot_bringup' with build type 'ament_cmake'
[0.490s] INFO:colcon.colcon_cmake.task.cmake.build:Building CMake package in '/home/teng/ros2_ws/src/twowd_robot_bringup'
[0.491s] INFO:colcon.colcon_core.shell:Skip shell extension 'powershell' for command environment: Not usable outside of PowerShell
[0.491s] DEBUG:colcon.colcon_core.shell:Skip shell extension 'dsv' for command environment
[0.503s] DEBUG:colcon.colcon_core.event_handler.log_command:Invoking command in '/home/teng/ros2_ws/build/my_camera_pkg': CMAKE_PREFIX_PATH=${CMAKE_PREFIX_PATH}:/home/teng/ros2_ws/install/ps5_controller:/opt/ros/humble /usr/bin/cmake --build /home/teng/ros2_ws/build/my_camera_pkg -- -j3 -l3
[0.853s] INFO:colcon.colcon_core.task.python.build:Building Python package in '/home/teng/ros2_ws/src/ps5_controller'
[0.855s] INFO:colcon.colcon_core.shell:Skip shell extension 'powershell' for command environment: Not usable outside of PowerShell
[0.855s] DEBUG:colcon.colcon_core.shell:Skip shell extension 'dsv' for command environment
[0.865s] DEBUG:colcon.colcon_core.event_handler.log_command:Invoking command in '/home/teng/ros2_ws/build/twowd_robot_bringup': CMAKE_PREFIX_PATH=${CMAKE_PREFIX_PATH}:/home/teng/ros2_ws/install/ps5_controller:/opt/ros/humble /usr/bin/cmake --build /home/teng/ros2_ws/build/twowd_robot_bringup -- -j3 -l3
[0.975s] DEBUG:colcon.colcon_core.event_handler.log_command:Invoked command in '/home/teng/ros2_ws/build/twowd_robot_bringup' returned '0': CMAKE_PREFIX_PATH=${CMAKE_PREFIX_PATH}:/home/teng/ros2_ws/install/ps5_controller:/opt/ros/humble /usr/bin/cmake --build /home/teng/ros2_ws/build/twowd_robot_bringup -- -j3 -l3
[1.053s] DEBUG:colcon.colcon_core.event_handler.log_command:Invoking command in '/home/teng/ros2_ws/build/twowd_robot_bringup': CMAKE_PREFIX_PATH=${CMAKE_PREFIX_PATH}:/home/teng/ros2_ws/install/ps5_controller:/opt/ros/humble /usr/bin/cmake --install /home/teng/ros2_ws/build/twowd_robot_bringup
[1.071s] Level 1:colcon.colcon_core.environment:create_environment_scripts_only(twowd_robot_bringup)
[1.076s] Level 1:colcon.colcon_core.environment:checking '/home/teng/ros2_ws/install/twowd_robot_bringup' for CMake module files
[1.077s] Level 1:colcon.colcon_core.environment:checking '/home/teng/ros2_ws/install/twowd_robot_bringup' for CMake config files
[1.077s] Level 1:colcon.colcon_core.shell:create_environment_hook('twowd_robot_bringup', 'cmake_prefix_path')
[1.079s] INFO:colcon.colcon_core.shell:Creating environment hook '/home/teng/ros2_ws/install/twowd_robot_bringup/share/twowd_robot_bringup/hook/cmake_prefix_path.ps1'
[1.079s] DEBUG:colcon.colcon_core.event_handler.log_command:Invoked command in '/home/teng/ros2_ws/build/twowd_robot_bringup' returned '0': CMAKE_PREFIX_PATH=${CMAKE_PREFIX_PATH}:/home/teng/ros2_ws/install/ps5_controller:/opt/ros/humble /usr/bin/cmake --install /home/teng/ros2_ws/build/twowd_robot_bringup
[1.080s] INFO:colcon.colcon_core.shell:Creating environment descriptor '/home/teng/ros2_ws/install/twowd_robot_bringup/share/twowd_robot_bringup/hook/cmake_prefix_path.dsv'
[1.080s] INFO:colcon.colcon_core.shell:Creating environment hook '/home/teng/ros2_ws/install/twowd_robot_bringup/share/twowd_robot_bringup/hook/cmake_prefix_path.sh'
[1.081s] Level 1:colcon.colcon_core.environment:checking '/home/teng/ros2_ws/install/twowd_robot_bringup/bin'
[1.081s] Level 1:colcon.colcon_core.environment:checking '/home/teng/ros2_ws/install/twowd_robot_bringup/lib/pkgconfig/twowd_robot_bringup.pc'
[1.082s] Level 1:colcon.colcon_core.environment:checking '/home/teng/ros2_ws/install/twowd_robot_bringup/lib/python3.10/site-packages'
[1.082s] Level 1:colcon.colcon_core.environment:checking '/home/teng/ros2_ws/install/twowd_robot_bringup/bin'
[1.083s] INFO:colcon.colcon_core.shell:Creating package script '/home/teng/ros2_ws/install/twowd_robot_bringup/share/twowd_robot_bringup/package.ps1'
[1.084s] INFO:colcon.colcon_core.shell:Creating package descriptor '/home/teng/ros2_ws/install/twowd_robot_bringup/share/twowd_robot_bringup/package.dsv'
[1.086s] INFO:colcon.colcon_core.shell:Creating package script '/home/teng/ros2_ws/install/twowd_robot_bringup/share/twowd_robot_bringup/package.sh'
[1.096s] INFO:colcon.colcon_core.shell:Creating package script '/home/teng/ros2_ws/install/twowd_robot_bringup/share/twowd_robot_bringup/package.bash'
[1.097s] INFO:colcon.colcon_core.shell:Creating package script '/home/teng/ros2_ws/install/twowd_robot_bringup/share/twowd_robot_bringup/package.zsh'
[1.097s] Level 1:colcon.colcon_core.environment:create_file_with_runtime_dependencies(/home/teng/ros2_ws/install/twowd_robot_bringup/share/colcon-core/packages/twowd_robot_bringup)
[1.147s] Level 1:colcon.colcon_core.environment:create_environment_scripts_only(twowd_robot_bringup)
[1.150s] Level 1:colcon.colcon_core.environment:checking '/home/teng/ros2_ws/install/twowd_robot_bringup' for CMake module files
[1.151s] Level 1:colcon.colcon_core.environment:checking '/home/teng/ros2_ws/install/twowd_robot_bringup' for CMake config files
[1.151s] Level 1:colcon.colcon_core.shell:create_environment_hook('twowd_robot_bringup', 'cmake_prefix_path')
[1.152s] INFO:colcon.colcon_core.shell:Creating environment hook '/home/teng/ros2_ws/install/twowd_robot_bringup/share/twowd_robot_bringup/hook/cmake_prefix_path.ps1'
[1.152s] INFO:colcon.colcon_core.shell:Creating environment descriptor '/home/teng/ros2_ws/install/twowd_robot_bringup/share/twowd_robot_bringup/hook/cmake_prefix_path.dsv'
[1.153s] INFO:colcon.colcon_core.shell:Creating environment hook '/home/teng/ros2_ws/install/twowd_robot_bringup/share/twowd_robot_bringup/hook/cmake_prefix_path.sh'
[1.153s] Level 1:colcon.colcon_core.environment:checking '/home/teng/ros2_ws/install/twowd_robot_bringup/bin'
[1.153s] Level 1:colcon.colcon_core.environment:checking '/home/teng/ros2_ws/install/twowd_robot_bringup/lib/pkgconfig/twowd_robot_bringup.pc'
[1.154s] Level 1:colcon.colcon_core.environment:checking '/home/teng/ros2_ws/install/twowd_robot_bringup/lib/python3.10/site-packages'
[1.154s] Level 1:colcon.colcon_core.environment:checking '/home/teng/ros2_ws/install/twowd_robot_bringup/bin'
[1.155s] INFO:colcon.colcon_core.shell:Creating package script '/home/teng/ros2_ws/install/twowd_robot_bringup/share/twowd_robot_bringup/package.ps1'
[1.156s] INFO:colcon.colcon_core.shell:Creating package descriptor '/home/teng/ros2_ws/install/twowd_robot_bringup/share/twowd_robot_bringup/package.dsv'
[1.156s] INFO:colcon.colcon_core.shell:Creating package script '/home/teng/ros2_ws/install/twowd_robot_bringup/share/twowd_robot_bringup/package.sh'
[1.157s] INFO:colcon.colcon_core.shell:Creating package script '/home/teng/ros2_ws/install/twowd_robot_bringup/share/twowd_robot_bringup/package.bash'
[1.157s] INFO:colcon.colcon_core.shell:Creating package script '/home/teng/ros2_ws/install/twowd_robot_bringup/share/twowd_robot_bringup/package.zsh'
[1.157s] Level 1:colcon.colcon_core.environment:create_file_with_runtime_dependencies(/home/teng/ros2_ws/install/twowd_robot_bringup/share/colcon-core/packages/twowd_robot_bringup)
[1.161s] INFO:colcon.colcon_ros.task.ament_cmake.build:Building ROS package in '/home/teng/ros2_ws/src/twowd_robot_description' with build type 'ament_cmake'
[1.161s] INFO:colcon.colcon_cmake.task.cmake.build:Building CMake package in '/home/teng/ros2_ws/src/twowd_robot_description'
[1.163s] INFO:colcon.colcon_core.shell:Skip shell extension 'powershell' for command environment: Not usable outside of PowerShell
[1.163s] DEBUG:colcon.colcon_core.shell:Skip shell extension 'dsv' for command environment
[1.208s] DEBUG:colcon.colcon_core.event_handler.log_command:Invoking command in '/home/teng/ros2_ws/build/twowd_robot_description': CMAKE_PREFIX_PATH=${CMAKE_PREFIX_PATH}:/home/teng/ros2_ws/install/ps5_controller:/opt/ros/humble /usr/bin/cmake --build /home/teng/ros2_ws/build/twowd_robot_description -- -j3 -l3
[1.278s] DEBUG:colcon.colcon_core.event_handler.log_command:Invoking command in '/home/teng/ros2_ws/src/ps5_controller': PYTHONPATH=/home/teng/ros2_ws/build/ps5_controller/prefix_override:/home/teng/ros2_ws/install/ps5_controller/lib/python3.10/site-packages:${PYTHONPATH} /usr/bin/python3 setup.py egg_info --egg-base ../../build/ps5_controller build --build-base /home/teng/ros2_ws/build/ps5_controller/build install --record /home/teng/ros2_ws/build/ps5_controller/install.log --single-version-externally-managed
[1.280s] DEBUG:colcon.colcon_core.event_handler.log_command:Invoked command in '/home/teng/ros2_ws/build/twowd_robot_description' returned '0': CMAKE_PREFIX_PATH=${CMAKE_PREFIX_PATH}:/home/teng/ros2_ws/install/ps5_controller:/opt/ros/humble /usr/bin/cmake --build /home/teng/ros2_ws/build/twowd_robot_description -- -j3 -l3
[1.346s] DEBUG:colcon.colcon_core.event_handler.log_command:Invoking command in '/home/teng/ros2_ws/build/twowd_robot_description': CMAKE_PREFIX_PATH=${CMAKE_PREFIX_PATH}:/home/teng/ros2_ws/install/ps5_controller:/opt/ros/humble /usr/bin/cmake --install /home/teng/ros2_ws/build/twowd_robot_description
[1.359s] Level 1:colcon.colcon_core.environment:create_environment_scripts_only(twowd_robot_description)
[1.361s] Level 1:colcon.colcon_core.environment:checking '/home/teng/ros2_ws/install/twowd_robot_description' for CMake module files
[1.362s] Level 1:colcon.colcon_core.environment:checking '/home/teng/ros2_ws/install/twowd_robot_description' for CMake config files
[1.361s] DEBUG:colcon.colcon_core.event_handler.log_command:Invoked command in '/home/teng/ros2_ws/build/twowd_robot_description' returned '0': CMAKE_PREFIX_PATH=${CMAKE_PREFIX_PATH}:/home/teng/ros2_ws/install/ps5_controller:/opt/ros/humble /usr/bin/cmake --install /home/teng/ros2_ws/build/twowd_robot_description
[1.362s] Level 1:colcon.colcon_core.shell:create_environment_hook('twowd_robot_description', 'cmake_prefix_path')
[1.364s] INFO:colcon.colcon_core.shell:Creating environment hook '/home/teng/ros2_ws/install/twowd_robot_description/share/twowd_robot_description/hook/cmake_prefix_path.ps1'
[1.364s] INFO:colcon.colcon_core.shell:Creating environment descriptor '/home/teng/ros2_ws/install/twowd_robot_description/share/twowd_robot_description/hook/cmake_prefix_path.dsv'
[1.365s] INFO:colcon.colcon_core.shell:Creating environment hook '/home/teng/ros2_ws/install/twowd_robot_description/share/twowd_robot_description/hook/cmake_prefix_path.sh'
[1.365s] Level 1:colcon.colcon_core.environment:checking '/home/teng/ros2_ws/install/twowd_robot_description/bin'
[1.365s] Level 1:colcon.colcon_core.environment:checking '/home/teng/ros2_ws/install/twowd_robot_description/lib/pkgconfig/twowd_robot_description.pc'
[1.366s] Level 1:colcon.colcon_core.environment:checking '/home/teng/ros2_ws/install/twowd_robot_description/lib/python3.10/site-packages'
[1.366s] Level 1:colcon.colcon_core.environment:checking '/home/teng/ros2_ws/install/twowd_robot_description/bin'
[1.367s] INFO:colcon.colcon_core.shell:Creating package script '/home/teng/ros2_ws/install/twowd_robot_description/share/twowd_robot_description/package.ps1'
[1.368s] INFO:colcon.colcon_core.shell:Creating package descriptor '/home/teng/ros2_ws/install/twowd_robot_description/share/twowd_robot_description/package.dsv'
[1.368s] INFO:colcon.colcon_core.shell:Creating package script '/home/teng/ros2_ws/install/twowd_robot_description/share/twowd_robot_description/package.sh'
[1.369s] INFO:colcon.colcon_core.shell:Creating package script '/home/teng/ros2_ws/install/twowd_robot_description/share/twowd_robot_description/package.bash'
[1.369s] INFO:colcon.colcon_core.shell:Creating package script '/home/teng/ros2_ws/install/twowd_robot_description/share/twowd_robot_description/package.zsh'
[1.370s] Level 1:colcon.colcon_core.environment:create_file_with_runtime_dependencies(/home/teng/ros2_ws/install/twowd_robot_description/share/colcon-core/packages/twowd_robot_description)
[1.433s] Level 1:colcon.colcon_core.environment:create_environment_scripts_only(twowd_robot_description)
[1.436s] Level 1:colcon.colcon_core.environment:checking '/home/teng/ros2_ws/install/twowd_robot_description' for CMake module files
[1.437s] Level 1:colcon.colcon_core.environment:checking '/home/teng/ros2_ws/install/twowd_robot_description' for CMake config files
[1.437s] Level 1:colcon.colcon_core.shell:create_environment_hook('twowd_robot_description', 'cmake_prefix_path')
[1.439s] INFO:colcon.colcon_core.shell:Creating environment hook '/home/teng/ros2_ws/install/twowd_robot_description/share/twowd_robot_description/hook/cmake_prefix_path.ps1'
[1.440s] INFO:colcon.colcon_core.shell:Creating environment descriptor '/home/teng/ros2_ws/install/twowd_robot_description/share/twowd_robot_description/hook/cmake_prefix_path.dsv'
[1.441s] INFO:colcon.colcon_core.shell:Creating environment hook '/home/teng/ros2_ws/install/twowd_robot_description/share/twowd_robot_description/hook/cmake_prefix_path.sh'
[1.442s] Level 1:colcon.colcon_core.environment:checking '/home/teng/ros2_ws/install/twowd_robot_description/bin'
[1.442s] Level 1:colcon.colcon_core.environment:checking '/home/teng/ros2_ws/install/twowd_robot_description/lib/pkgconfig/twowd_robot_description.pc'
[1.442s] Level 1:colcon.colcon_core.environment:checking '/home/teng/ros2_ws/install/twowd_robot_description/lib/python3.10/site-packages'
[1.443s] Level 1:colcon.colcon_core.environment:checking '/home/teng/ros2_ws/install/twowd_robot_description/bin'
[1.444s] INFO:colcon.colcon_core.shell:Creating package script '/home/teng/ros2_ws/install/twowd_robot_description/share/twowd_robot_description/package.ps1'
[1.445s] INFO:colcon.colcon_core.shell:Creating package descriptor '/home/teng/ros2_ws/install/twowd_robot_description/share/twowd_robot_description/package.dsv'
[1.445s] INFO:colcon.colcon_core.shell:Creating package script '/home/teng/ros2_ws/install/twowd_robot_description/share/twowd_robot_description/package.sh'
[1.446s] INFO:colcon.colcon_core.shell:Creating package script '/home/teng/ros2_ws/install/twowd_robot_description/share/twowd_robot_description/package.bash'
[1.446s] INFO:colcon.colcon_core.shell:Creating package script '/home/teng/ros2_ws/install/twowd_robot_description/share/twowd_robot_description/package.zsh'
[1.447s] Level 1:colcon.colcon_core.environment:create_file_with_runtime_dependencies(/home/teng/ros2_ws/install/twowd_robot_description/share/colcon-core/packages/twowd_robot_description)
[1.644s] DEBUG:colcon.colcon_core.event_handler.log_command:Invoked command in '/home/teng/ros2_ws/build/my_camera_pkg' returned '2': CMAKE_PREFIX_PATH=${CMAKE_PREFIX_PATH}:/home/teng/ros2_ws/install/ps5_controller:/opt/ros/humble /usr/bin/cmake --build /home/teng/ros2_ws/build/my_camera_pkg -- -j3 -l3
[1.647s] Level 1:colcon.colcon_core.environment:checking '/home/teng/ros2_ws/install/ps5_controller' for CMake module files
[1.648s] DEBUG:colcon.colcon_core.event_handler.log_command:Invoked command in '/home/teng/ros2_ws/src/ps5_controller' returned '0': PYTHONPATH=/home/teng/ros2_ws/build/ps5_controller/prefix_override:/home/teng/ros2_ws/install/ps5_controller/lib/python3.10/site-packages:${PYTHONPATH} /usr/bin/python3 setup.py egg_info --egg-base ../../build/ps5_controller build --build-base /home/teng/ros2_ws/build/ps5_controller/build install --record /home/teng/ros2_ws/build/ps5_controller/install.log --single-version-externally-managed
[1.648s] Level 1:colcon.colcon_core.environment:checking '/home/teng/ros2_ws/install/ps5_controller' for CMake config files
[1.648s] Level 1:colcon.colcon_core.environment:checking '/home/teng/ros2_ws/install/ps5_controller/lib'
[1.649s] Level 1:colcon.colcon_core.environment:checking '/home/teng/ros2_ws/install/ps5_controller/bin'
[1.649s] Level 1:colcon.colcon_core.environment:checking '/home/teng/ros2_ws/install/ps5_controller/lib/pkgconfig/ps5_controller.pc'
[1.649s] Level 1:colcon.colcon_core.environment:checking '/home/teng/ros2_ws/install/ps5_controller/lib/python3.10/site-packages'
[1.649s] Level 1:colcon.colcon_core.shell:create_environment_hook('ps5_controller', 'pythonpath')
[1.650s] INFO:colcon.colcon_core.shell:Creating environment hook '/home/teng/ros2_ws/install/ps5_controller/share/ps5_controller/hook/pythonpath.ps1'
[1.651s] INFO:colcon.colcon_core.shell:Creating environment descriptor '/home/teng/ros2_ws/install/ps5_controller/share/ps5_controller/hook/pythonpath.dsv'
[1.651s] INFO:colcon.colcon_core.shell:Creating environment hook '/home/teng/ros2_ws/install/ps5_controller/share/ps5_controller/hook/pythonpath.sh'
[1.652s] Level 1:colcon.colcon_core.environment:checking '/home/teng/ros2_ws/install/ps5_controller/bin'
[1.652s] Level 1:colcon.colcon_core.environment:create_environment_scripts_only(ps5_controller)
[1.653s] INFO:colcon.colcon_core.shell:Creating package script '/home/teng/ros2_ws/install/ps5_controller/share/ps5_controller/package.ps1'
[1.653s] INFO:colcon.colcon_core.shell:Creating package descriptor '/home/teng/ros2_ws/install/ps5_controller/share/ps5_controller/package.dsv'
[1.654s] INFO:colcon.colcon_core.shell:Creating package script '/home/teng/ros2_ws/install/ps5_controller/share/ps5_controller/package.sh'
[1.654s] INFO:colcon.colcon_core.shell:Creating package script '/home/teng/ros2_ws/install/ps5_controller/share/ps5_controller/package.bash'
[1.655s] INFO:colcon.colcon_core.shell:Creating package script '/home/teng/ros2_ws/install/ps5_controller/share/ps5_controller/package.zsh'
[1.655s] Level 1:colcon.colcon_core.environment:create_file_with_runtime_dependencies(/home/teng/ros2_ws/install/ps5_controller/share/colcon-core/packages/ps5_controller)
[1.688s] Level 1:colcon.colcon_core.environment:create_environment_scripts_only(my_camera_pkg)
[1.690s] Level 1:colcon.colcon_core.environment:checking '/home/teng/ros2_ws/install/my_camera_pkg' for CMake module files
[1.691s] Level 1:colcon.colcon_core.environment:checking '/home/teng/ros2_ws/install/my_camera_pkg' for CMake config files
[1.691s] Level 1:colcon.colcon_core.environment:checking '/home/teng/ros2_ws/install/my_camera_pkg/bin'
[1.691s] Level 1:colcon.colcon_core.environment:checking '/home/teng/ros2_ws/install/my_camera_pkg/lib/pkgconfig/my_camera_pkg.pc'
[1.691s] Level 1:colcon.colcon_core.environment:checking '/home/teng/ros2_ws/install/my_camera_pkg/lib/python3.10/site-packages'
[1.691s] Level 1:colcon.colcon_core.environment:checking '/home/teng/ros2_ws/install/my_camera_pkg/bin'
[1.692s] INFO:colcon.colcon_core.shell:Creating package script '/home/teng/ros2_ws/install/my_camera_pkg/share/my_camera_pkg/package.ps1'
[1.693s] INFO:colcon.colcon_core.shell:Creating package descriptor '/home/teng/ros2_ws/install/my_camera_pkg/share/my_camera_pkg/package.dsv'
[1.694s] INFO:colcon.colcon_core.shell:Creating package script '/home/teng/ros2_ws/install/my_camera_pkg/share/my_camera_pkg/package.sh'
[1.694s] INFO:colcon.colcon_core.shell:Creating package script '/home/teng/ros2_ws/install/my_camera_pkg/share/my_camera_pkg/package.bash'
[1.695s] INFO:colcon.colcon_core.shell:Creating package script '/home/teng/ros2_ws/install/my_camera_pkg/share/my_camera_pkg/package.zsh'
[1.695s] Level 1:colcon.colcon_core.environment:create_file_with_runtime_dependencies(/home/teng/ros2_ws/install/my_camera_pkg/share/colcon-core/packages/my_camera_pkg)
[1.696s] DEBUG:colcon.colcon_parallel_executor.executor.parallel:closing loop
[1.696s] DEBUG:colcon.colcon_parallel_executor.executor.parallel:loop closed
[1.696s] DEBUG:colcon.colcon_parallel_executor.executor.parallel:run_until_complete finished with '2'
[1.696s] DEBUG:colcon.colcon_core.event_reactor:joining thread
[1.702s] INFO:colcon.colcon_core.plugin_system:Skipping extension 'colcon_notification.desktop_notification.terminal_notifier': Not used on non-Darwin systems
[1.702s] INFO:colcon.colcon_core.plugin_system:Skipping extension 'colcon_notification.desktop_notification.win32': Not used on non-Windows systems
[1.702s] INFO:colcon.colcon_notification.desktop_notification:Sending desktop notification using 'notify2'
[1.726s] DEBUG:colcon.colcon_core.event_reactor:joined thread
[1.728s] INFO:colcon.colcon_core.shell:Creating prefix script '/home/teng/ros2_ws/install/local_setup.ps1'
[1.730s] INFO:colcon.colcon_core.shell:Creating prefix util module '/home/teng/ros2_ws/install/_local_setup_util_ps1.py'
[1.732s] INFO:colcon.colcon_core.shell:Creating prefix chain script '/home/teng/ros2_ws/install/setup.ps1'
[1.736s] INFO:colcon.colcon_core.shell:Creating prefix script '/home/teng/ros2_ws/install/local_setup.sh'
[1.737s] INFO:colcon.colcon_core.shell:Creating prefix util module '/home/teng/ros2_ws/install/_local_setup_util_sh.py'
[1.737s] INFO:colcon.colcon_core.shell:Creating prefix chain script '/home/teng/ros2_ws/install/setup.sh'
[1.741s] INFO:colcon.colcon_core.shell:Creating prefix script '/home/teng/ros2_ws/install/local_setup.bash'
[1.742s] INFO:colcon.colcon_core.shell:Creating prefix chain script '/home/teng/ros2_ws/install/setup.bash'
[1.745s] INFO:colcon.colcon_core.shell:Creating prefix script '/home/teng/ros2_ws/install/local_setup.zsh'
[1.746s] INFO:colcon.colcon_core.shell:Creating prefix chain script '/home/teng/ros2_ws/install/setup.zsh'
