running egg_info
creating ../../build/ps5_controller/ps5_controller.egg-info
writing ../../build/ps5_controller/ps5_controller.egg-info/PKG-INFO
writing dependency_links to ../../build/ps5_controller/ps5_controller.egg-info/dependency_links.txt
writing entry points to ../../build/ps5_controller/ps5_controller.egg-info/entry_points.txt
writing requirements to ../../build/ps5_controller/ps5_controller.egg-info/requires.txt
writing top-level names to ../../build/ps5_controller/ps5_controller.egg-info/top_level.txt
writing manifest file '../../build/ps5_controller/ps5_controller.egg-info/SOURCES.txt'
reading manifest file '../../build/ps5_controller/ps5_controller.egg-info/SOURCES.txt'
writing manifest file '../../build/ps5_controller/ps5_controller.egg-info/SOURCES.txt'
running build
running build_py
creating /home/teng/ros2_ws/build/ps5_controller/build
creating /home/teng/ros2_ws/build/ps5_controller/build/lib
creating /home/teng/ros2_ws/build/ps5_controller/build/lib/ps5_controller
copying ps5_controller/__init__.py -> /home/teng/ros2_ws/build/ps5_controller/build/lib/ps5_controller
copying ps5_controller/ps5_controller.py -> /home/teng/ros2_ws/build/ps5_controller/build/lib/ps5_controller
running install
/usr/lib/python3/dist-packages/setuptools/command/install.py:34: SetuptoolsDeprecationWarning: setup.py install is deprecated. Use build and pip and other standards-based tools.
  warnings.warn(
running install_lib
creating /home/teng/ros2_ws/install/ps5_controller/lib/python3.10/site-packages/ps5_controller
copying /home/teng/ros2_ws/build/ps5_controller/build/lib/ps5_controller/__init__.py -> /home/teng/ros2_ws/install/ps5_controller/lib/python3.10/site-packages/ps5_controller
copying /home/teng/ros2_ws/build/ps5_controller/build/lib/ps5_controller/ps5_controller.py -> /home/teng/ros2_ws/install/ps5_controller/lib/python3.10/site-packages/ps5_controller
byte-compiling /home/teng/ros2_ws/install/ps5_controller/lib/python3.10/site-packages/ps5_controller/__init__.py to __init__.cpython-310.pyc
byte-compiling /home/teng/ros2_ws/install/ps5_controller/lib/python3.10/site-packages/ps5_controller/ps5_controller.py to ps5_controller.cpython-310.pyc
running install_data
creating /home/teng/ros2_ws/install/ps5_controller/share/ament_index
creating /home/teng/ros2_ws/install/ps5_controller/share/ament_index/resource_index
creating /home/teng/ros2_ws/install/ps5_controller/share/ament_index/resource_index/packages
copying resource/ps5_controller -> /home/teng/ros2_ws/install/ps5_controller/share/ament_index/resource_index/packages
copying package.xml -> /home/teng/ros2_ws/install/ps5_controller/share/ps5_controller
running install_egg_info
Copying ../../build/ps5_controller/ps5_controller.egg-info to /home/teng/ros2_ws/install/ps5_controller/lib/python3.10/site-packages/ps5_controller-0.0.0-py3.10.egg-info
running install_scripts
Installing ps5_controller_node script to /home/teng/ros2_ws/install/ps5_controller/lib/ps5_controller
writing list of installed files to '/home/teng/ros2_ws/build/ps5_controller/install.log'
