[0.830s] Invoking command in '/home/teng/ros2_ws/src/ps5_controller': PYTHONPATH=/home/teng/ros2_ws/build/ps5_controller/prefix_override:/home/teng/ros2_ws/install/ps5_controller/lib/python3.10/site-packages:${PYTHONPATH} /usr/bin/python3 setup.py egg_info --egg-base ../../build/ps5_controller build --build-base /home/teng/ros2_ws/build/ps5_controller/build install --record /home/teng/ros2_ws/build/ps5_controller/install.log --single-version-externally-managed
[1.138s] running egg_info
[1.138s] creating ../../build/ps5_controller/ps5_controller.egg-info
[1.138s] writing ../../build/ps5_controller/ps5_controller.egg-info/PKG-INFO
[1.139s] writing dependency_links to ../../build/ps5_controller/ps5_controller.egg-info/dependency_links.txt
[1.139s] writing entry points to ../../build/ps5_controller/ps5_controller.egg-info/entry_points.txt
[1.139s] writing requirements to ../../build/ps5_controller/ps5_controller.egg-info/requires.txt
[1.139s] writing top-level names to ../../build/ps5_controller/ps5_controller.egg-info/top_level.txt
[1.139s] writing manifest file '../../build/ps5_controller/ps5_controller.egg-info/SOURCES.txt'
[1.142s] reading manifest file '../../build/ps5_controller/ps5_controller.egg-info/SOURCES.txt'
[1.142s] writing manifest file '../../build/ps5_controller/ps5_controller.egg-info/SOURCES.txt'
[1.142s] running build
[1.142s] running build_py
[1.142s] creating /home/teng/ros2_ws/build/ps5_controller/build
[1.142s] creating /home/teng/ros2_ws/build/ps5_controller/build/lib
[1.142s] creating /home/teng/ros2_ws/build/ps5_controller/build/lib/ps5_controller
[1.143s] copying ps5_controller/__init__.py -> /home/teng/ros2_ws/build/ps5_controller/build/lib/ps5_controller
[1.143s] copying ps5_controller/ps5_controller.py -> /home/teng/ros2_ws/build/ps5_controller/build/lib/ps5_controller
[1.143s] running install
[1.143s] /usr/lib/python3/dist-packages/setuptools/command/install.py:34: SetuptoolsDeprecationWarning: setup.py install is deprecated. Use build and pip and other standards-based tools.
[1.143s]   warnings.warn(
[1.143s] running install_lib
[1.144s] creating /home/teng/ros2_ws/install/ps5_controller/lib/python3.10/site-packages/ps5_controller
[1.144s] copying /home/teng/ros2_ws/build/ps5_controller/build/lib/ps5_controller/__init__.py -> /home/teng/ros2_ws/install/ps5_controller/lib/python3.10/site-packages/ps5_controller
[1.144s] copying /home/teng/ros2_ws/build/ps5_controller/build/lib/ps5_controller/ps5_controller.py -> /home/teng/ros2_ws/install/ps5_controller/lib/python3.10/site-packages/ps5_controller
[1.145s] byte-compiling /home/teng/ros2_ws/install/ps5_controller/lib/python3.10/site-packages/ps5_controller/__init__.py to __init__.cpython-310.pyc
[1.146s] byte-compiling /home/teng/ros2_ws/install/ps5_controller/lib/python3.10/site-packages/ps5_controller/ps5_controller.py to ps5_controller.cpython-310.pyc
[1.148s] running install_data
[1.148s] creating /home/teng/ros2_ws/install/ps5_controller/share/ament_index
[1.148s] creating /home/teng/ros2_ws/install/ps5_controller/share/ament_index/resource_index
[1.149s] creating /home/teng/ros2_ws/install/ps5_controller/share/ament_index/resource_index/packages
[1.149s] copying resource/ps5_controller -> /home/teng/ros2_ws/install/ps5_controller/share/ament_index/resource_index/packages
[1.149s] copying package.xml -> /home/teng/ros2_ws/install/ps5_controller/share/ps5_controller
[1.150s] running install_egg_info
[1.152s] Copying ../../build/ps5_controller/ps5_controller.egg-info to /home/teng/ros2_ws/install/ps5_controller/lib/python3.10/site-packages/ps5_controller-0.0.0-py3.10.egg-info
[1.153s] running install_scripts
[1.177s] Installing ps5_controller_node script to /home/teng/ros2_ws/install/ps5_controller/lib/ps5_controller
[1.177s] writing list of installed files to '/home/teng/ros2_ws/build/ps5_controller/install.log'
